<?xml version="1.0" encoding="UTF-8"?>
<robot generator="Robot 7.1.1 (Python 3.12.7 on linux)" generated="2024-12-05T13:30:58.644616" rpa="false" schemaversion="5">
<suite id="s1" name="FlujosProd" source="/home/miguelangelhernandez/Documentos/robotreport/Tests/FlujosProd">
<suite id="s1-s1" name="FlujoCompleto" source="/home/miguelangelhernandez/Documentos/robotreport/Tests/FlujosProd/FlujoCompleto.robot">
<test id="s1-s1-t1" name="Ejecutar un flujo completo" line="8">
<kw name="Flujo completo todo tipo de reglas, una condicion" owner="keywords_FlujosCompletos">
<kw name="Desplegar menu de reglas" owner="keywords_FlujosCompletos">
<kw name="Login succesfull simple" owner="keywords_login">
<kw name="Open Browser" owner="SeleniumLibrary">
<msg time="2024-12-05T13:30:58.879520" level="INFO">Opening browser 'chrome' to base url 'https://alpha-admin.dev.t1score.com/'.</msg>
<msg time="2024-12-05T13:31:03.946471" level="WARN">Exception managing chrome: error sending request for url (https://googlechromelabs.github.io/chrome-for-testing/known-good-versions-with-downloads.json)</msg>
<arg>${URL}</arg>
<arg>${BROWSER}</arg>
<doc>Opens a new browser instance to the optional ``url``.</doc>
<status status="PASS" start="2024-12-05T13:30:58.879245" elapsed="11.745128"/>
</kw>
<kw name="Set Browser Implicit Wait" owner="SeleniumLibrary">
<arg>5</arg>
<doc>Sets the implicit wait value used by Selenium.</doc>
<status status="PASS" start="2024-12-05T13:31:10.624838" elapsed="0.001487"/>
</kw>
<kw name="Maximize Browser Window" owner="SeleniumLibrary">
<doc>Maximizes current browser window.</doc>
<status status="PASS" start="2024-12-05T13:31:10.626575" elapsed="0.019918"/>
</kw>
<kw name="Input Text" owner="SeleniumLibrary">
<msg time="2024-12-05T13:31:10.647551" level="INFO">Typing text 'victor@t1pagos.com' into text field 'username'.</msg>
<arg>username</arg>
<arg>${user}</arg>
<doc>Types the given ``text`` into the text field identified by ``locator``.</doc>
<status status="PASS" start="2024-12-05T13:31:10.646734" elapsed="0.613159"/>
</kw>
<kw name="Input Text" owner="SeleniumLibrary">
<msg time="2024-12-05T13:31:11.261379" level="INFO">Typing text '5sAZd-52q_c2' into text field 'password'.</msg>
<arg>password</arg>
<arg>${password}</arg>
<doc>Types the given ``text`` into the text field identified by ``locator``.</doc>
<status status="PASS" start="2024-12-05T13:31:11.260274" elapsed="0.165289"/>
</kw>
<kw name="Click Element" owner="SeleniumLibrary">
<msg time="2024-12-05T13:31:11.427204" level="INFO">Clicking element 'login'.</msg>
<arg>${btnIngresar}</arg>
<doc>Click the element identified by ``locator``.</doc>
<status status="PASS" start="2024-12-05T13:31:11.426239" elapsed="0.530250"/>
</kw>
<status status="PASS" start="2024-12-05T13:30:58.878517" elapsed="13.078119"/>
</kw>
<kw name="Click Element" owner="SeleniumLibrary">
<msg time="2024-12-05T13:31:11.957070" level="INFO">Clicking element '(//div[contains(@class, 'MuiSelect-select')])[1]'.</msg>
<arg>${ButComercio}</arg>
<doc>Click the element identified by ``locator``.</doc>
<status status="PASS" start="2024-12-05T13:31:11.956823" elapsed="2.349938"/>
</kw>
<kw name="Click Element" owner="SeleniumLibrary">
<msg time="2024-12-05T13:31:14.307229" level="INFO">Clicking element 'xpath=//li[contains(text(), 'Sears crédito')]'.</msg>
<arg>${Comer2}</arg>
<doc>Click the element identified by ``locator``.</doc>
<status status="PASS" start="2024-12-05T13:31:14.306991" elapsed="0.208342"/>
</kw>
<kw name="Click Element" owner="SeleniumLibrary">
<msg time="2024-12-05T13:31:14.515905" level="INFO">Clicking element 'xpath=//span[text()='Reglas duras']'.</msg>
<arg>${ReglasD}</arg>
<doc>Click the element identified by ``locator``.</doc>
<status status="PASS" start="2024-12-05T13:31:14.515617" elapsed="0.196222"/>
</kw>
<kw name="Sleep" owner="BuiltIn">
<msg time="2024-12-05T13:31:16.712972" level="INFO">Slept 2 seconds.</msg>
<arg>2s</arg>
<doc>Pauses the test executed for the given time.</doc>
<status status="PASS" start="2024-12-05T13:31:14.712110" elapsed="2.001085"/>
</kw>
<status status="PASS" start="2024-12-05T13:30:58.878252" elapsed="17.835194"/>
</kw>
<kw name="Ingresar a Reglas personalizadas" owner="keywords_FlujosCompletos">
<kw name="Click Element" owner="SeleniumLibrary">
<msg time="2024-12-05T13:31:16.715153" level="INFO">Clicking element 'xpath=//span[text()='Reglas personalizadas']'.</msg>
<arg>${ReglasP}</arg>
<doc>Click the element identified by ``locator``.</doc>
<status status="PASS" start="2024-12-05T13:31:16.714760" elapsed="0.150388"/>
</kw>
<kw name="Log To Console" owner="BuiltIn">
<arg>Ingresa a reglas personalizadas</arg>
<doc>Logs the given message to the console.</doc>
<status status="PASS" start="2024-12-05T13:31:16.865683" elapsed="0.000454"/>
</kw>
<kw name="Sleep" owner="BuiltIn">
<msg time="2024-12-05T13:31:18.867156" level="INFO">Slept 2 seconds.</msg>
<arg>2s</arg>
<doc>Pauses the test executed for the given time.</doc>
<status status="PASS" start="2024-12-05T13:31:16.866561" elapsed="2.000845"/>
</kw>
<status status="PASS" start="2024-12-05T13:31:16.714164" elapsed="2.153473"/>
</kw>
<kw name="Ingresar a formulario nueva regla personalizada" owner="keywords_FlujosCompletos">
<kw name="Evaluate" owner="BuiltIn">
<msg time="2024-12-05T13:31:18.869547" level="INFO">${numrandomR} = 8</msg>
<var>${numrandomR}</var>
<arg>random.randint(${MIN_NUMBER}, ${MAX_NUMBER})</arg>
<arg>random</arg>
<doc>Evaluates the given expression in Python and returns the result.</doc>
<status status="PASS" start="2024-12-05T13:31:18.868784" elapsed="0.000838"/>
</kw>
<kw name="Set Variable" owner="BuiltIn">
<msg time="2024-12-05T13:31:18.870398" level="INFO">${NomReglaRan} = Lista numero: 8</msg>
<var>${NomReglaRan}</var>
<arg>Lista numero: ${numrandomR}</arg>
<doc>Returns the given values which can then be assigned to a variables.</doc>
<status status="PASS" start="2024-12-05T13:31:18.869991" elapsed="0.000469"/>
</kw>
<kw name="Click Element" owner="SeleniumLibrary">
<msg time="2024-12-05T13:31:18.871132" level="INFO">Clicking element 'xpath=//button[text()='Nueva Regla']'.</msg>
<arg>${NuevaRP}</arg>
<doc>Click the element identified by ``locator``.</doc>
<status status="PASS" start="2024-12-05T13:31:18.870749" elapsed="0.206550"/>
</kw>
<kw name="Wait Until Element Is Visible" owner="SeleniumLibrary">
<arg>${NomReglaP}</arg>
<doc>Waits until the element ``locator`` is visible.</doc>
<status status="PASS" start="2024-12-05T13:31:19.077621" elapsed="0.026463"/>
</kw>
<kw name="Input Text" owner="SeleniumLibrary">
<msg time="2024-12-05T13:31:19.104732" level="INFO">Typing text 'Lista numero: 8' into text field 'name'.</msg>
<arg>${NomReglaP}</arg>
<arg>${NomReglaRan}</arg>
<doc>Types the given ``text`` into the text field identified by ``locator``.</doc>
<status status="PASS" start="2024-12-05T13:31:19.104384" elapsed="0.306784"/>
</kw>
<kw name="Input Text" owner="SeleniumLibrary">
<msg time="2024-12-05T13:31:19.411696" level="INFO">Typing text 'Descripción de reglas auto' into text field 'description'.</msg>
<arg>${DescReglaP}</arg>
<arg>Descripción de reglas auto</arg>
<doc>Types the given ``text`` into the text field identified by ``locator``.</doc>
<status status="PASS" start="2024-12-05T13:31:19.411424" elapsed="0.344031"/>
</kw>
<kw name="Log To Console" owner="BuiltIn">
<arg>Ingresa a nueva regla</arg>
<doc>Logs the given message to the console.</doc>
<status status="PASS" start="2024-12-05T13:31:19.755688" elapsed="0.000211"/>
</kw>
<kw name="Sleep" owner="BuiltIn">
<msg time="2024-12-05T13:31:21.756543" level="INFO">Slept 2 seconds.</msg>
<arg>2s</arg>
<doc>Pauses the test executed for the given time.</doc>
<status status="PASS" start="2024-12-05T13:31:19.756036" elapsed="2.000746"/>
</kw>
<status status="PASS" start="2024-12-05T13:31:18.868134" elapsed="2.888880"/>
</kw>
<kw name="Agregar todo tipo reglas" owner="keywords_FlujosCompletos">
<kw name="Una condicion Telefono no termina con" owner="keywordsreglasperso">
<kw name="Get Length" owner="BuiltIn">
<msg time="2024-12-05T13:31:21.759873" level="INFO">Length is 3.</msg>
<msg time="2024-12-05T13:31:21.760084" level="INFO">${length} = 3</msg>
<var>${length}</var>
<arg>${Telefonos}</arg>
<doc>Returns and logs the length of the given item as an integer.</doc>
<status status="PASS" start="2024-12-05T13:31:21.759567" elapsed="0.000700"/>
</kw>
<kw name="Log To Console" owner="BuiltIn">
<arg>${length}</arg>
<doc>Logs the given message to the console.</doc>
<status status="PASS" start="2024-12-05T13:31:21.760676" elapsed="0.000446"/>
</kw>
<for flavor="IN RANGE">
<iter>
<kw name="Set Variable" owner="BuiltIn">
<msg time="2024-12-05T13:31:21.763213" level="INFO">${telefono} = 5512345678</msg>
<var>${telefono}</var>
<arg>${Telefonos}[${index}]</arg>
<doc>Returns the given values which can then be assigned to a variables.</doc>
<status status="PASS" start="2024-12-05T13:31:21.762687" elapsed="0.000646"/>
</kw>
<kw name="Click Button" owner="SeleniumLibrary">
<msg time="2024-12-05T13:31:21.764078" level="INFO">Clicking button 'xpath=//button[text()='Nueva condición']'.</msg>
<arg>${NuevaCondiRPUna}</arg>
<doc>Clicks the button identified by ``locator``.</doc>
<status status="PASS" start="2024-12-05T13:31:21.763680" elapsed="0.232878"/>
</kw>
<kw name="Click Element" owner="SeleniumLibrary">
<msg time="2024-12-05T13:31:21.997003" level="INFO">Clicking element '(//div[contains(@class, 'MuiSelect-select')])[2]'.</msg>
<arg>${ListaProveedorP}</arg>
<doc>Click the element identified by ``locator``.</doc>
<status status="PASS" start="2024-12-05T13:31:21.996769" elapsed="0.101414"/>
</kw>
<kw name="Click Element" owner="SeleniumLibrary">
<msg time="2024-12-05T13:31:22.099412" level="INFO">Clicking element 'xpath=//li[contains(text(), 'TRANSACCION')]'.</msg>
<arg>${ElemenProveeTra}</arg>
<doc>Click the element identified by ``locator``.</doc>
<status status="PASS" start="2024-12-05T13:31:22.098820" elapsed="0.541786"/>
</kw>
<kw name="Click Element" owner="SeleniumLibrary">
<msg time="2024-12-05T13:31:22.641304" level="INFO">Clicking element '(//div[contains(@class, 'MuiSelect-select')])[3]'.</msg>
<arg>${ListaElemenTran}</arg>
<doc>Click the element identified by ``locator``.</doc>
<status status="PASS" start="2024-12-05T13:31:22.640943" elapsed="0.373248"/>
</kw>
<kw name="Set Variable" owner="BuiltIn">
<msg time="2024-12-05T13:31:23.015727" level="INFO">${ElementoTran} = //div[@class='MuiPaper-root MuiPaper-elevation MuiPaper-rounded MuiPaper-elevation8 MuiPopover-paper MuiMenu-paper MuiMenu-paper css-594a8l']//ul/li[contains(@class, 'MuiMenuItem-root')][1]</msg>
<var>${ElementoTran}</var>
<arg>//div[@class='MuiPaper-root MuiPaper-elevation MuiPaper-rounded MuiPaper-elevation8 MuiPopover-paper MuiMenu-paper MuiMenu-paper css-594a8l']//ul/li[contains(@class, 'MuiMenuItem-root')][${1}]</arg>
<doc>Returns the given values which can then be assigned to a variables.</doc>
<status status="PASS" start="2024-12-05T13:31:23.014657" elapsed="0.001112"/>
</kw>
<kw name="Click Element" owner="SeleniumLibrary">
<msg time="2024-12-05T13:31:23.016179" level="INFO">Clicking element '//div[@class='MuiPaper-root MuiPaper-elevation MuiPaper-rounded MuiPaper-elevation8 MuiPopover-paper MuiMenu-paper MuiMenu-paper css-594a8l']//ul/li[contains(@class, 'MuiMenuItem-root')][1]'.</msg>
<arg>${ElementoTran}</arg>
<doc>Click the element identified by ``locator``.</doc>
<status status="PASS" start="2024-12-05T13:31:23.015954" elapsed="0.504212"/>
</kw>
<kw name="Log To Console" owner="BuiltIn">
<arg>CLickear tipo de transaccion</arg>
<doc>Logs the given message to the console.</doc>
<status status="PASS" start="2024-12-05T13:31:23.520485" elapsed="0.000222"/>
</kw>
<kw name="Sleep" owner="BuiltIn">
<msg time="2024-12-05T13:31:25.521249" level="INFO">Slept 2 seconds.</msg>
<arg>2s</arg>
<doc>Pauses the test executed for the given time.</doc>
<status status="PASS" start="2024-12-05T13:31:23.520863" elapsed="2.000640"/>
</kw>
<kw name="Click Element" owner="SeleniumLibrary">
<msg time="2024-12-05T13:31:25.522424" level="INFO">Clicking element '(//div[contains(@class, 'MuiSelect-select')])[4]'.</msg>
<arg>${ListaCondi}</arg>
<doc>Click the element identified by ``locator``.</doc>
<status status="PASS" start="2024-12-05T13:31:25.521919" elapsed="0.178027"/>
</kw>
<kw name="Sleep" owner="BuiltIn">
<msg time="2024-12-05T13:31:29.701011" level="INFO">Slept 4 seconds.</msg>
<arg>4s</arg>
<doc>Pauses the test executed for the given time.</doc>
<status status="PASS" start="2024-12-05T13:31:25.700436" elapsed="4.001055"/>
</kw>
<kw name="Wait Until Element Is Enabled" owner="SeleniumLibrary">
<arg>${EsigualA}</arg>
<arg>6s</arg>
<doc>Waits until the element ``locator`` is enabled.</doc>
<status status="PASS" start="2024-12-05T13:31:29.702029" elapsed="0.062052"/>
</kw>
<kw name="Log To Console" owner="BuiltIn">
<arg>CLickear lista de condificones</arg>
<doc>Logs the given message to the console.</doc>
<status status="PASS" start="2024-12-05T13:31:29.764573" elapsed="0.000314"/>
</kw>
<kw name="Click Element" owner="SeleniumLibrary">
<msg time="2024-12-05T13:31:29.765554" level="INFO">Clicking element '//li[contains(text(), 'Es igual a')]'.</msg>
<arg>${EsigualA}</arg>
<doc>Click the element identified by ``locator``.</doc>
<status status="PASS" start="2024-12-05T13:31:29.765134" elapsed="0.195735"/>
</kw>
<kw name="Log To Console" owner="BuiltIn">
<arg>CLickear condificones</arg>
<doc>Logs the given message to the console.</doc>
<status status="PASS" start="2024-12-05T13:31:29.961087" elapsed="0.000196"/>
</kw>
<kw name="Sleep" owner="BuiltIn">
<msg time="2024-12-05T13:31:32.961888" level="INFO">Slept 3 seconds.</msg>
<arg>3s</arg>
<doc>Pauses the test executed for the given time.</doc>
<status status="PASS" start="2024-12-05T13:31:29.961447" elapsed="3.000667"/>
</kw>
<kw name="Input Text" owner="SeleniumLibrary">
<msg time="2024-12-05T13:31:32.963143" level="INFO">Typing text '5512345678' into text field 'valueToCompare'.</msg>
<arg>${Valoracomp}</arg>
<arg>${telefono}</arg>
<doc>Types the given ``text`` into the text field identified by ``locator``.</doc>
<status status="PASS" start="2024-12-05T13:31:32.962536" elapsed="0.336899"/>
</kw>
<kw name="Click Button" owner="SeleniumLibrary">
<msg time="2024-12-05T13:31:33.299962" level="INFO">Clicking button 'xpath=//button[text()='Guardar condición']'.</msg>
<arg>${ButGuardarCondi}</arg>
<doc>Clicks the button identified by ``locator``.</doc>
<status status="PASS" start="2024-12-05T13:31:33.299699" elapsed="0.181432"/>
</kw>
<kw name="Wait Until Element Is Visible" owner="SeleniumLibrary">
<arg>${NuevaCondiRPUna}</arg>
<doc>Waits until the element ``locator`` is visible.</doc>
<status status="PASS" start="2024-12-05T13:31:33.481351" elapsed="0.020827"/>
</kw>
<var name="${index}">0</var>
<status status="PASS" start="2024-12-05T13:31:21.762393" elapsed="11.739895"/>
</iter>
<iter>
<kw name="Set Variable" owner="BuiltIn">
<msg time="2024-12-05T13:31:33.503139" level="INFO">${telefono} = 5532456789</msg>
<var>${telefono}</var>
<arg>${Telefonos}[${index}]</arg>
<doc>Returns the given values which can then be assigned to a variables.</doc>
<status status="PASS" start="2024-12-05T13:31:33.502842" elapsed="0.000336"/>
</kw>
<kw name="Click Button" owner="SeleniumLibrary">
<msg time="2024-12-05T13:31:33.503595" level="INFO">Clicking button 'xpath=//button[text()='Nueva condición']'.</msg>
<arg>${NuevaCondiRPUna}</arg>
<doc>Clicks the button identified by ``locator``.</doc>
<status status="PASS" start="2024-12-05T13:31:33.503341" elapsed="0.204856"/>
</kw>
<kw name="Click Element" owner="SeleniumLibrary">
<msg time="2024-12-05T13:31:33.709028" level="INFO">Clicking element '(//div[contains(@class, 'MuiSelect-select')])[2]'.</msg>
<arg>${ListaProveedorP}</arg>
<doc>Click the element identified by ``locator``.</doc>
<status status="PASS" start="2024-12-05T13:31:33.708602" elapsed="0.110731"/>
</kw>
<kw name="Click Element" owner="SeleniumLibrary">
<msg time="2024-12-05T13:31:33.820195" level="INFO">Clicking element 'xpath=//li[contains(text(), 'TRANSACCION')]'.</msg>
<arg>${ElemenProveeTra}</arg>
<doc>Click the element identified by ``locator``.</doc>
<status status="PASS" start="2024-12-05T13:31:33.819773" elapsed="0.170671"/>
</kw>
<kw name="Click Element" owner="SeleniumLibrary">
<msg time="2024-12-05T13:31:33.991760" level="INFO">Clicking element '(//div[contains(@class, 'MuiSelect-select')])[3]'.</msg>
<arg>${ListaElemenTran}</arg>
<doc>Click the element identified by ``locator``.</doc>
<status status="PASS" start="2024-12-05T13:31:33.990891" elapsed="0.384581"/>
</kw>
<kw name="Set Variable" owner="BuiltIn">
<msg time="2024-12-05T13:31:34.378483" level="INFO">${ElementoTran} = //div[@class='MuiPaper-root MuiPaper-elevation MuiPaper-rounded MuiPaper-elevation8 MuiPopover-paper MuiMenu-paper MuiMenu-paper css-594a8l']//ul/li[contains(@class, 'MuiMenuItem-root')][1]</msg>
<var>${ElementoTran}</var>
<arg>//div[@class='MuiPaper-root MuiPaper-elevation MuiPaper-rounded MuiPaper-elevation8 MuiPopover-paper MuiMenu-paper MuiMenu-paper css-594a8l']//ul/li[contains(@class, 'MuiMenuItem-root')][${1}]</arg>
<doc>Returns the given values which can then be assigned to a variables.</doc>
<status status="PASS" start="2024-12-05T13:31:34.375979" elapsed="0.002602"/>
</kw>
<kw name="Click Element" owner="SeleniumLibrary">
<msg time="2024-12-05T13:31:34.379370" level="INFO">Clicking element '//div[@class='MuiPaper-root MuiPaper-elevation MuiPaper-rounded MuiPaper-elevation8 MuiPopover-paper MuiMenu-paper MuiMenu-paper css-594a8l']//ul/li[contains(@class, 'MuiMenuItem-root')][1]'.</msg>
<arg>${ElementoTran}</arg>
<doc>Click the element identified by ``locator``.</doc>
<status status="PASS" start="2024-12-05T13:31:34.378947" elapsed="0.539167"/>
</kw>
<kw name="Log To Console" owner="BuiltIn">
<arg>CLickear tipo de transaccion</arg>
<doc>Logs the given message to the console.</doc>
<status status="PASS" start="2024-12-05T13:31:34.918481" elapsed="0.000466"/>
</kw>
<kw name="Sleep" owner="BuiltIn">
<msg time="2024-12-05T13:31:36.919746" level="INFO">Slept 2 seconds.</msg>
<arg>2s</arg>
<doc>Pauses the test executed for the given time.</doc>
<status status="PASS" start="2024-12-05T13:31:34.919184" elapsed="2.000791"/>
</kw>
<kw name="Click Element" owner="SeleniumLibrary">
<msg time="2024-12-05T13:31:36.920931" level="INFO">Clicking element '(//div[contains(@class, 'MuiSelect-select')])[4]'.</msg>
<arg>${ListaCondi}</arg>
<doc>Click the element identified by ``locator``.</doc>
<status status="PASS" start="2024-12-05T13:31:36.920400" elapsed="0.172358"/>
</kw>
<kw name="Sleep" owner="BuiltIn">
<arg>4s</arg>
<doc>Pauses the test executed for the given time.</doc>
<status status="FAIL" start="2024-12-05T13:31:37.093025" elapsed="1.395214">Execution terminated by signal</status>
</kw>
<kw name="Wait Until Element Is Enabled" owner="SeleniumLibrary">
<arg>${EsigualA}</arg>
<arg>6s</arg>
<doc>Waits until the element ``locator`` is enabled.</doc>
<status status="NOT RUN" start="2024-12-05T13:31:38.488993" elapsed="0.000136"/>
</kw>
<kw name="Log To Console" owner="BuiltIn">
<arg>CLickear lista de condificones</arg>
<doc>Logs the given message to the console.</doc>
<status status="NOT RUN" start="2024-12-05T13:31:38.489575" elapsed="0.000099"/>
</kw>
<kw name="Click Element" owner="SeleniumLibrary">
<arg>${EsigualA}</arg>
<doc>Click the element identified by ``locator``.</doc>
<status status="NOT RUN" start="2024-12-05T13:31:38.490043" elapsed="0.000087"/>
</kw>
<kw name="Log To Console" owner="BuiltIn">
<arg>CLickear condificones</arg>
<doc>Logs the given message to the console.</doc>
<status status="NOT RUN" start="2024-12-05T13:31:38.490504" elapsed="0.000093"/>
</kw>
<kw name="Sleep" owner="BuiltIn">
<arg>3s</arg>
<doc>Pauses the test executed for the given time.</doc>
<status status="NOT RUN" start="2024-12-05T13:31:38.490944" elapsed="0.000084"/>
</kw>
<kw name="Input Text" owner="SeleniumLibrary">
<arg>${Valoracomp}</arg>
<arg>${telefono}</arg>
<doc>Types the given ``text`` into the text field identified by ``locator``.</doc>
<status status="NOT RUN" start="2024-12-05T13:31:38.491386" elapsed="0.000093"/>
</kw>
<kw name="Click Button" owner="SeleniumLibrary">
<arg>${ButGuardarCondi}</arg>
<doc>Clicks the button identified by ``locator``.</doc>
<status status="NOT RUN" start="2024-12-05T13:31:38.491846" elapsed="0.000082"/>
</kw>
<kw name="Wait Until Element Is Visible" owner="SeleniumLibrary">
<arg>${NuevaCondiRPUna}</arg>
<doc>Waits until the element ``locator`` is visible.</doc>
<status status="NOT RUN" start="2024-12-05T13:31:38.492299" elapsed="0.000129"/>
</kw>
<var name="${index}">1</var>
<status status="FAIL" start="2024-12-05T13:31:33.502646" elapsed="4.990078">Execution terminated by signal</status>
</iter>
<var>${index}</var>
<value>0</value>
<value>${length}</value>
<status status="FAIL" start="2024-12-05T13:31:21.761319" elapsed="16.731829">Execution terminated by signal</status>
</for>
<status status="FAIL" start="2024-12-05T13:31:21.758920" elapsed="16.734708">Execution terminated by signal</status>
</kw>
<kw name="Una condicion IPV4 no termina con" owner="keywordsreglasperso">
<status status="NOT RUN" start="2024-12-05T13:31:38.495163" elapsed="0.000139"/>
</kw>
<kw name="Una condicion Correo electronico no termina con" owner="keywordsreglasperso">
<status status="NOT RUN" start="2024-12-05T13:31:38.496160" elapsed="0.000100"/>
</kw>
<kw name="Una condicion Token de tarjeta no termina con" owner="keywordsreglasperso">
<status status="NOT RUN" start="2024-12-05T13:31:38.496934" elapsed="0.000088"/>
</kw>
<kw name="Una condicion BIN no termina con" owner="keywordsreglasperso">
<status status="NOT RUN" start="2024-12-05T13:31:38.497731" elapsed="0.000090"/>
</kw>
<kw name="Una condicion IPv6 no termina con" owner="keywordsreglasperso">
<status status="NOT RUN" start="2024-12-05T13:31:38.498527" elapsed="0.000092"/>
</kw>
<kw name="Una condicion CP del cliente no termina con" owner="keywordsreglasperso">
<status status="NOT RUN" start="2024-12-05T13:31:38.499290" elapsed="0.000106"/>
</kw>
<kw name="Una condicion Device fingerprint no termina con" owner="keywordsreglasperso">
<status status="NOT RUN" start="2024-12-05T13:31:38.500106" elapsed="0.000092"/>
</kw>
<kw name="Una condicion CD del cliente no termina con" owner="keywordsreglasperso">
<status status="NOT RUN" start="2024-12-05T13:31:38.500968" elapsed="0.000108"/>
</kw>
<kw name="Una condicion SKU no termina con" owner="keywordsreglasperso">
<status status="NOT RUN" start="2024-12-05T13:31:38.501849" elapsed="0.000123"/>
</kw>
<kw name="Una condicion IDClien no termina con" owner="keywordsreglasperso">
<status status="NOT RUN" start="2024-12-05T13:31:38.502522" elapsed="0.000084"/>
</kw>
<kw name="Una condicion eanUPC no termina con" owner="keywordsreglasperso">
<status status="NOT RUN" start="2024-12-05T13:31:38.503288" elapsed="0.000108"/>
</kw>
<kw name="Una condicion cd Metodo de pago no termina con" owner="keywordsreglasperso">
<status status="NOT RUN" start="2024-12-05T13:31:38.504023" elapsed="0.000100"/>
</kw>
<kw name="Una condicion cd de envio no termina con" owner="keywordsreglasperso">
<status status="NOT RUN" start="2024-12-05T13:31:38.504650" elapsed="0.000078"/>
</kw>
<kw name="Una condicion CP Envio no termina con" owner="keywordsreglasperso">
<status status="NOT RUN" start="2024-12-05T13:31:38.505294" elapsed="0.000084"/>
</kw>
<kw name="Una condicion CP metodo de pago no termina con" owner="keywordsreglasperso">
<status status="NOT RUN" start="2024-12-05T13:31:38.505882" elapsed="0.000074"/>
</kw>
<kw name="Una condicion monto total no termina con" owner="keywordsreglasperso">
<status status="NOT RUN" start="2024-12-05T13:31:38.506523" elapsed="0.000066"/>
</kw>
<kw name="Una condicion Apellido Materno no termina con" owner="keywordsreglasperso">
<status status="NOT RUN" start="2024-12-05T13:31:38.507227" elapsed="0.000109"/>
</kw>
<kw name="Una condicion Apellido Paterno no termina con" owner="keywordsreglasperso">
<status status="NOT RUN" start="2024-12-05T13:31:38.508029" elapsed="0.000103"/>
</kw>
<kw name="Una condicion Nombre no termina con" owner="keywordsreglasperso">
<status status="NOT RUN" start="2024-12-05T13:31:38.508753" elapsed="0.000071"/>
</kw>
<kw name="Click Button" owner="SeleniumLibrary">
<arg>${GuardarReglas}</arg>
<doc>Clicks the button identified by ``locator``.</doc>
<status status="NOT RUN" start="2024-12-05T13:31:38.509133" elapsed="0.000064"/>
</kw>
<status status="FAIL" start="2024-12-05T13:31:21.757751" elapsed="16.751943">Execution terminated by signal</status>
</kw>
<kw name="Agregar set de reglas" owner="keywords_FlujosCompletos">
<status status="NOT RUN" start="2024-12-05T13:31:38.510312" elapsed="0.000543"/>
</kw>
<kw name="Agregar perfil" owner="keywords_FlujosCompletos">
<status status="NOT RUN" start="2024-12-05T13:31:38.511463" elapsed="0.000110"/>
</kw>
<kw name="Asignar al selector de perfiles" owner="keywords_FlujosCompletos">
<status status="NOT RUN" start="2024-12-05T13:31:38.512020" elapsed="0.000087"/>
</kw>
<status status="FAIL" start="2024-12-05T13:30:58.877870" elapsed="39.634546">Execution terminated by signal</status>
</kw>
<status status="FAIL" start="2024-12-05T13:30:58.877039" elapsed="39.635848">Execution terminated by signal</status>
</test>
<doc>Login ClaroScore</doc>
<status status="FAIL" start="2024-12-05T13:30:58.682747" elapsed="39.831238"/>
</suite>
<suite id="s1-s2" name="TipoReglas" source="/home/miguelangelhernandez/Documentos/robotreport/Tests/FlujosProd/TipoReglas">
<suite id="s1-s2-s1" name="FlujoCompletoApellidoMater" source="/home/miguelangelhernandez/Documentos/robotreport/Tests/FlujosProd/TipoReglas/FlujoCompletoApellidoMater.robot">
<test id="s1-s2-s1-t1" name="Ejecutar un flujo completo Apellido materno" line="8">
<tag>robot:exit</tag>
<status status="FAIL" start="2024-12-05T13:31:38.517785" elapsed="0.000838">Test execution stopped due to a fatal error.</status>
</test>
<doc>Login ClaroScore</doc>
<status status="FAIL" start="2024-12-05T13:31:38.516734" elapsed="0.002453"/>
</suite>
<suite id="s1-s2-s2" name="FlujoCompletoApellidoPater" source="/home/miguelangelhernandez/Documentos/robotreport/Tests/FlujosProd/TipoReglas/FlujoCompletoApellidoPater.robot">
<test id="s1-s2-s2-t1" name="Ejecutar un flujo completo Apellido paterno" line="8">
<tag>robot:exit</tag>
<status status="FAIL" start="2024-12-05T13:31:38.520667" elapsed="0.000515">Test execution stopped due to a fatal error.</status>
</test>
<doc>Login ClaroScore</doc>
<status status="FAIL" start="2024-12-05T13:31:38.520010" elapsed="0.001595"/>
</suite>
<suite id="s1-s2-s3" name="FlujoCompletoCDCliente" source="/home/miguelangelhernandez/Documentos/robotreport/Tests/FlujosProd/TipoReglas/FlujoCompletoCDCliente.robot">
<test id="s1-s2-s3-t1" name="Ejecutar un flujo completo Ciudad de cliente" line="8">
<tag>robot:exit</tag>
<status status="FAIL" start="2024-12-05T13:31:38.523371" elapsed="0.000651">Test execution stopped due to a fatal error.</status>
</test>
<doc>Login ClaroScore</doc>
<status status="FAIL" start="2024-12-05T13:31:38.522434" elapsed="0.002258"/>
</suite>
<suite id="s1-s2-s4" name="FlujoCompletoCDEnvio" source="/home/miguelangelhernandez/Documentos/robotreport/Tests/FlujosProd/TipoReglas/FlujoCompletoCDEnvio.robot">
<test id="s1-s2-s4-t1" name="Ejecutar un flujo completo Ciudad de envio" line="8">
<tag>robot:exit</tag>
<status status="FAIL" start="2024-12-05T13:31:38.526746" elapsed="0.000684">Test execution stopped due to a fatal error.</status>
</test>
<doc>Login ClaroScore</doc>
<status status="FAIL" start="2024-12-05T13:31:38.525834" elapsed="0.002008"/>
</suite>
<suite id="s1-s2-s5" name="FlujoCompletoCDMetodoPago" source="/home/miguelangelhernandez/Documentos/robotreport/Tests/FlujosProd/TipoReglas/FlujoCompletoCDMetodoPago.robot">
<test id="s1-s2-s5-t1" name="Ejecutar un flujo completo Ciudad metodo de pago" line="8">
<tag>robot:exit</tag>
<status status="FAIL" start="2024-12-05T13:31:38.529560" elapsed="0.000978">Test execution stopped due to a fatal error.</status>
</test>
<doc>Login ClaroScore</doc>
<status status="FAIL" start="2024-12-05T13:31:38.528615" elapsed="0.002898"/>
</suite>
<suite id="s1-s2-s6" name="FlujoCompletoCorreo" source="/home/miguelangelhernandez/Documentos/robotreport/Tests/FlujosProd/TipoReglas/FlujoCompletoCorreo.robot">
<test id="s1-s2-s6-t1" name="Ejecutar un flujo completo Correo electronico" line="8">
<tag>robot:exit</tag>
<status status="FAIL" start="2024-12-05T13:31:38.534077" elapsed="0.000872">Test execution stopped due to a fatal error.</status>
</test>
<doc>Login ClaroScore</doc>
<status status="FAIL" start="2024-12-05T13:31:38.532995" elapsed="0.002816"/>
</suite>
<suite id="s1-s2-s7" name="FlujoCompletoCPCliente" source="/home/miguelangelhernandez/Documentos/robotreport/Tests/FlujosProd/TipoReglas/FlujoCompletoCPCliente.robot">
<test id="s1-s2-s7-t1" name="Ejecutar un flujo completo Codigo postal cliente" line="8">
<tag>robot:exit</tag>
<status status="FAIL" start="2024-12-05T13:31:38.538115" elapsed="0.000903">Test execution stopped due to a fatal error.</status>
</test>
<doc>Login ClaroScore</doc>
<status status="FAIL" start="2024-12-05T13:31:38.537067" elapsed="0.002600"/>
</suite>
<suite id="s1-s2-s8" name="FlujoCompletoCPMetodoPago" source="/home/miguelangelhernandez/Documentos/robotreport/Tests/FlujosProd/TipoReglas/FlujoCompletoCPMetodoPago.robot">
<test id="s1-s2-s8-t1" name="Ejecutar un flujo completo Codigo postal Metodo de pago" line="8">
<tag>robot:exit</tag>
<status status="FAIL" start="2024-12-05T13:31:38.541747" elapsed="0.000859">Test execution stopped due to a fatal error.</status>
</test>
<doc>Login ClaroScore</doc>
<status status="FAIL" start="2024-12-05T13:31:38.540821" elapsed="0.002329"/>
</suite>
<suite id="s1-s2-s9" name="FlujoCompletoDeviceFinger" source="/home/miguelangelhernandez/Documentos/robotreport/Tests/FlujosProd/TipoReglas/FlujoCompletoDeviceFinger.robot">
<test id="s1-s2-s9-t1" name="Ejecutar un flujo completo Device Finger" line="8">
<tag>robot:exit</tag>
<status status="FAIL" start="2024-12-05T13:31:38.545901" elapsed="0.000936">Test execution stopped due to a fatal error.</status>
</test>
<doc>Login ClaroScore</doc>
<status status="FAIL" start="2024-12-05T13:31:38.544806" elapsed="0.002642"/>
</suite>
<suite id="s1-s2-s10" name="FlujoCompletoeanUPC" source="/home/miguelangelhernandez/Documentos/robotreport/Tests/FlujosProd/TipoReglas/FlujoCompletoeanUPC.robot">
<test id="s1-s2-s10-t1" name="Ejecutar un flujo completo eanUPC" line="8">
<tag>robot:exit</tag>
<status status="FAIL" start="2024-12-05T13:31:38.549830" elapsed="0.000847">Test execution stopped due to a fatal error.</status>
</test>
<doc>Login ClaroScore</doc>
<status status="FAIL" start="2024-12-05T13:31:38.548693" elapsed="0.002590"/>
</suite>
<suite id="s1-s2-s11" name="FlujoCompletoIDClien" source="/home/miguelangelhernandez/Documentos/robotreport/Tests/FlujosProd/TipoReglas/FlujoCompletoIDClien.robot">
<test id="s1-s2-s11-t1" name="Ejecutar un flujo completo ID Cliente" line="8">
<tag>robot:exit</tag>
<status status="FAIL" start="2024-12-05T13:31:38.553430" elapsed="0.000784">Test execution stopped due to a fatal error.</status>
</test>
<doc>Login ClaroScore</doc>
<status status="FAIL" start="2024-12-05T13:31:38.552370" elapsed="0.002458"/>
</suite>
<suite id="s1-s2-s12" name="FlujoCompletoIPv4" source="/home/miguelangelhernandez/Documentos/robotreport/Tests/FlujosProd/TipoReglas/FlujoCompletoIPv4.robot">
<test id="s1-s2-s12-t1" name="Ejecutar un flujo completo IPv4" line="8">
<tag>robot:exit</tag>
<status status="FAIL" start="2024-12-05T13:31:38.557152" elapsed="0.001216">Test execution stopped due to a fatal error.</status>
</test>
<doc>Login ClaroScore</doc>
<status status="FAIL" start="2024-12-05T13:31:38.556060" elapsed="0.002761"/>
</suite>
<suite id="s1-s2-s13" name="FlujoCompletoIPv6" source="/home/miguelangelhernandez/Documentos/robotreport/Tests/FlujosProd/TipoReglas/FlujoCompletoIPv6.robot">
<test id="s1-s2-s13-t1" name="Ejecutar un flujo completo IPv6" line="8">
<tag>robot:exit</tag>
<status status="FAIL" start="2024-12-05T13:31:38.560168" elapsed="0.000557">Test execution stopped due to a fatal error.</status>
</test>
<doc>Login ClaroScore</doc>
<status status="FAIL" start="2024-12-05T13:31:38.559542" elapsed="0.001614"/>
</suite>
<suite id="s1-s2-s14" name="FlujoCompletoMontoTotal" source="/home/miguelangelhernandez/Documentos/robotreport/Tests/FlujosProd/TipoReglas/FlujoCompletoMontoTotal.robot">
<test id="s1-s2-s14-t1" name="Ejecutar un flujo completo Monto total" line="8">
<tag>robot:exit</tag>
<status status="FAIL" start="2024-12-05T13:31:38.562753" elapsed="0.000686">Test execution stopped due to a fatal error.</status>
</test>
<doc>Login ClaroScore</doc>
<status status="FAIL" start="2024-12-05T13:31:38.561876" elapsed="0.002221"/>
</suite>
<suite id="s1-s2-s15" name="FlujoCompletoNombre" source="/home/miguelangelhernandez/Documentos/robotreport/Tests/FlujosProd/TipoReglas/FlujoCompletoNombre.robot">
<test id="s1-s2-s15-t1" name="Ejecutar un flujo completo Cliente Nombre" line="8">
<tag>robot:exit</tag>
<status status="FAIL" start="2024-12-05T13:31:38.565912" elapsed="0.000575">Test execution stopped due to a fatal error.</status>
</test>
<doc>Login ClaroScore</doc>
<status status="FAIL" start="2024-12-05T13:31:38.565048" elapsed="0.001831"/>
</suite>
<suite id="s1-s2-s16" name="FlujoCompletoSKU" source="/home/miguelangelhernandez/Documentos/robotreport/Tests/FlujosProd/TipoReglas/FlujoCompletoSKU.robot">
<test id="s1-s2-s16-t1" name="Ejecutar un flujo completo SKU" line="8">
<tag>robot:exit</tag>
<status status="FAIL" start="2024-12-05T13:31:38.568411" elapsed="0.000486">Test execution stopped due to a fatal error.</status>
</test>
<doc>Login ClaroScore</doc>
<status status="FAIL" start="2024-12-05T13:31:38.567793" elapsed="0.001485"/>
</suite>
<suite id="s1-s2-s17" name="FlujoCompletoTel" source="/home/miguelangelhernandez/Documentos/robotreport/Tests/FlujosProd/TipoReglas/FlujoCompletoTel.robot">
<test id="s1-s2-s17-t1" name="Ejecutar un flujo completo Telefono" line="8">
<tag>robot:exit</tag>
<status status="FAIL" start="2024-12-05T13:31:38.570736" elapsed="0.000477">Test execution stopped due to a fatal error.</status>
</test>
<doc>Login ClaroScore</doc>
<status status="FAIL" start="2024-12-05T13:31:38.570137" elapsed="0.001439"/>
</suite>
<suite id="s1-s2-s18" name="FlujoCompletoTokenTar" source="/home/miguelangelhernandez/Documentos/robotreport/Tests/FlujosProd/TipoReglas/FlujoCompletoTokenTar.robot">
<test id="s1-s2-s18-t1" name="Ejecutar un flujo completo Token Tarjeta" line="8">
<tag>robot:exit</tag>
<status status="FAIL" start="2024-12-05T13:31:38.572805" elapsed="0.000563">Test execution stopped due to a fatal error.</status>
</test>
<doc>Login ClaroScore</doc>
<status status="FAIL" start="2024-12-05T13:31:38.572194" elapsed="0.001671"/>
</suite>
<status status="FAIL" start="2024-12-05T13:31:38.515750" elapsed="0.059192"/>
</suite>
<status status="FAIL" start="2024-12-05T13:30:58.645698" elapsed="39.930330"/>
</suite>
<statistics>
<total>
<stat pass="0" fail="19" skip="0">All Tests</stat>
</total>
<tag>
<stat pass="0" fail="1" skip="0" info="combined" combined="NOT robot:exit">NOT robot:exit</stat>
</tag>
<suite>
<stat pass="0" fail="19" skip="0" id="s1" name="FlujosProd">FlujosProd</stat>
<stat pass="0" fail="1" skip="0" id="s1-s1" name="FlujoCompleto">FlujosProd.FlujoCompleto</stat>
<stat pass="0" fail="18" skip="0" id="s1-s2" name="TipoReglas">FlujosProd.TipoReglas</stat>
<stat pass="0" fail="1" skip="0" id="s1-s2-s1" name="FlujoCompletoApellidoMater">FlujosProd.TipoReglas.FlujoCompletoApellidoMater</stat>
<stat pass="0" fail="1" skip="0" id="s1-s2-s2" name="FlujoCompletoApellidoPater">FlujosProd.TipoReglas.FlujoCompletoApellidoPater</stat>
<stat pass="0" fail="1" skip="0" id="s1-s2-s3" name="FlujoCompletoCDCliente">FlujosProd.TipoReglas.FlujoCompletoCDCliente</stat>
<stat pass="0" fail="1" skip="0" id="s1-s2-s4" name="FlujoCompletoCDEnvio">FlujosProd.TipoReglas.FlujoCompletoCDEnvio</stat>
<stat pass="0" fail="1" skip="0" id="s1-s2-s5" name="FlujoCompletoCDMetodoPago">FlujosProd.TipoReglas.FlujoCompletoCDMetodoPago</stat>
<stat pass="0" fail="1" skip="0" id="s1-s2-s6" name="FlujoCompletoCorreo">FlujosProd.TipoReglas.FlujoCompletoCorreo</stat>
<stat pass="0" fail="1" skip="0" id="s1-s2-s7" name="FlujoCompletoCPCliente">FlujosProd.TipoReglas.FlujoCompletoCPCliente</stat>
<stat pass="0" fail="1" skip="0" id="s1-s2-s8" name="FlujoCompletoCPMetodoPago">FlujosProd.TipoReglas.FlujoCompletoCPMetodoPago</stat>
<stat pass="0" fail="1" skip="0" id="s1-s2-s9" name="FlujoCompletoDeviceFinger">FlujosProd.TipoReglas.FlujoCompletoDeviceFinger</stat>
<stat pass="0" fail="1" skip="0" id="s1-s2-s10" name="FlujoCompletoeanUPC">FlujosProd.TipoReglas.FlujoCompletoeanUPC</stat>
<stat pass="0" fail="1" skip="0" id="s1-s2-s11" name="FlujoCompletoIDClien">FlujosProd.TipoReglas.FlujoCompletoIDClien</stat>
<stat pass="0" fail="1" skip="0" id="s1-s2-s12" name="FlujoCompletoIPv4">FlujosProd.TipoReglas.FlujoCompletoIPv4</stat>
<stat pass="0" fail="1" skip="0" id="s1-s2-s13" name="FlujoCompletoIPv6">FlujosProd.TipoReglas.FlujoCompletoIPv6</stat>
<stat pass="0" fail="1" skip="0" id="s1-s2-s14" name="FlujoCompletoMontoTotal">FlujosProd.TipoReglas.FlujoCompletoMontoTotal</stat>
<stat pass="0" fail="1" skip="0" id="s1-s2-s15" name="FlujoCompletoNombre">FlujosProd.TipoReglas.FlujoCompletoNombre</stat>
<stat pass="0" fail="1" skip="0" id="s1-s2-s16" name="FlujoCompletoSKU">FlujosProd.TipoReglas.FlujoCompletoSKU</stat>
<stat pass="0" fail="1" skip="0" id="s1-s2-s17" name="FlujoCompletoTel">FlujosProd.TipoReglas.FlujoCompletoTel</stat>
<stat pass="0" fail="1" skip="0" id="s1-s2-s18" name="FlujoCompletoTokenTar">FlujosProd.TipoReglas.FlujoCompletoTokenTar</stat>
</suite>
</statistics>
<errors>
<msg time="2024-12-05T13:31:03.946471" level="WARN">Exception managing chrome: error sending request for url (https://googlechromelabs.github.io/chrome-for-testing/known-good-versions-with-downloads.json)</msg>
</errors>
</robot>
