<?xml version="1.0" encoding="UTF-8"?>
<robot generator="Robot 7.1.1 (Python 3.12.7 on linux)" generated="2024-12-04T13:04:18.545909" rpa="false" schemaversion="5">
<suite id="s1" name="TodasCondiciones" source="/home/miguelangelhernandez/Documentos/Automatización/claroscoreV3/ClaroScore/Tests/TReglasduras/ReglasPersonalizadas/CreacionReglas/TodasCondiciones">
<suite id="s1-s1" name="CrearApellidoMaternoT" source="/home/miguelangelhernandez/Documentos/Automatización/claroscoreV3/ClaroScore/Tests/TReglasduras/ReglasPersonalizadas/CreacionReglas/TodasCondiciones/CrearApellidoMaternoT.robot">
<test id="s1-s1-t1" name="Prueba creación de regla Apellido Materno, Es igual a, todas las condiciones" line="5">
<kw name="Creación regla Apellido materno, Es igual a, Todas las condiciones" owner="keywordsreglasvelo">
<kw name="Ingresar a Reglas Personalizadas" owner="keywordsreglasvelo">
<kw name="Desplegar menu Reglas Duras" owner="keywordsreglasduras">
<kw name="Login succesfull simple" owner="keywords_login">
<kw name="Open Browser" owner="SeleniumLibrary">
<msg time="2024-12-04T13:04:18.664255" level="INFO">Opening browser 'chrome' to base url 'https://alpha-admin.dev.t1score.com/'.</msg>
<arg>${URL}</arg>
<arg>${BROWSER}</arg>
<doc>Opens a new browser instance to the optional ``url``.</doc>
<status status="PASS" start="2024-12-04T13:04:18.664045" elapsed="1.225581"/>
</kw>
<kw name="Set Browser Implicit Wait" owner="SeleniumLibrary">
<arg>5</arg>
<doc>Sets the implicit wait value used by Selenium.</doc>
<status status="PASS" start="2024-12-04T13:04:19.889825" elapsed="0.000840"/>
</kw>
<kw name="Maximize Browser Window" owner="SeleniumLibrary">
<doc>Maximizes current browser window.</doc>
<status status="PASS" start="2024-12-04T13:04:19.890803" elapsed="0.030355"/>
</kw>
<kw name="Input Text" owner="SeleniumLibrary">
<msg time="2024-12-04T13:04:19.921659" level="INFO">Typing text 'victor@t1pagos.com' into text field 'username'.</msg>
<arg>username</arg>
<arg>${user}</arg>
<doc>Types the given ``text`` into the text field identified by ``locator``.</doc>
<status status="PASS" start="2024-12-04T13:04:19.921321" elapsed="1.114298"/>
</kw>
<kw name="Input Text" owner="SeleniumLibrary">
<msg time="2024-12-04T13:04:21.035986" level="INFO">Typing text '5sAZd-52q_c2' into text field 'password'.</msg>
<arg>password</arg>
<arg>${password}</arg>
<doc>Types the given ``text`` into the text field identified by ``locator``.</doc>
<status status="PASS" start="2024-12-04T13:04:21.035791" elapsed="0.053011"/>
</kw>
<kw name="Click Element" owner="SeleniumLibrary">
<msg time="2024-12-04T13:04:21.089163" level="INFO">Clicking element 'login'.</msg>
<arg>${btnIngresar}</arg>
<doc>Click the element identified by ``locator``.</doc>
<status status="PASS" start="2024-12-04T13:04:21.088974" elapsed="0.230015"/>
</kw>
<status status="PASS" start="2024-12-04T13:04:18.663600" elapsed="2.655634"/>
</kw>
<kw name="Click Element" owner="SeleniumLibrary">
<msg time="2024-12-04T13:04:21.320035" level="INFO">Clicking element 'xpath=//span[text()='Reglas duras']'.</msg>
<arg>${ButReglasDuras}</arg>
<doc>Click the element identified by ``locator``.</doc>
<status status="PASS" start="2024-12-04T13:04:21.319560" elapsed="2.075146"/>
</kw>
<kw name="Sleep" owner="BuiltIn">
<msg time="2024-12-04T13:04:25.395249" level="INFO">Slept 2 seconds.</msg>
<arg>2s</arg>
<doc>Pauses the test executed for the given time.</doc>
<status status="PASS" start="2024-12-04T13:04:23.394872" elapsed="2.000614"/>
</kw>
<status status="PASS" start="2024-12-04T13:04:18.663444" elapsed="6.732276"/>
</kw>
<kw name="Click Element" owner="SeleniumLibrary">
<msg time="2024-12-04T13:04:25.396529" level="INFO">Clicking element 'xpath=//span[text()='Reglas personalizadas']'.</msg>
<arg>${ButReglasPerso}</arg>
<doc>Click the element identified by ``locator``.</doc>
<status status="PASS" start="2024-12-04T13:04:25.396050" elapsed="0.066292"/>
</kw>
<status status="PASS" start="2024-12-04T13:04:18.663257" elapsed="6.799250"/>
</kw>
<kw name="Ingresar a formulario &quot;Nueva Regla&quot;" owner="keywordsreglasvelo">
<kw name="Click Element" owner="SeleniumLibrary">
<msg time="2024-12-04T13:04:25.463130" level="INFO">Clicking element 'xpath=/html/body/div[@id='__next']/div[@class='flex']/main[@class='w-full']/section[@class='p-10']/div[@class='flex items-center flex-col gap-4 md:justify-between md:flex-row']/div[@class='w-full md:basis-1/2']/div[@class='w-full flex md:justify-end']/button[contains(@class, 'MuiButtonBase-root') and contains(@class, 'MuiButton-outlinedPrimary')]'.</msg>
<arg>${ButNuevaRegla}</arg>
<doc>Click the element identified by ``locator``.</doc>
<status status="PASS" start="2024-12-04T13:04:25.462955" elapsed="0.170756"/>
</kw>
<kw name="Sleep" owner="BuiltIn">
<msg time="2024-12-04T13:04:28.634607" level="INFO">Slept 3 seconds.</msg>
<arg>3s</arg>
<doc>Pauses the test executed for the given time.</doc>
<status status="PASS" start="2024-12-04T13:04:25.634063" elapsed="3.000778"/>
</kw>
<status status="PASS" start="2024-12-04T13:04:25.462715" elapsed="3.172364"/>
</kw>
<kw name="Ingresar a formulario y completar los primeros datos" owner="keywordsreglasvelo">
<kw name="Evaluate" owner="BuiltIn">
<msg time="2024-12-04T13:04:28.636982" level="INFO">${numrandomR} = 484</msg>
<var>${numrandomR}</var>
<arg>random.randint(${MIN_NUMBER}, ${MAX_NUMBER})</arg>
<arg>random</arg>
<doc>Evaluates the given expression in Python and returns the result.</doc>
<status status="PASS" start="2024-12-04T13:04:28.636280" elapsed="0.000766"/>
</kw>
<kw name="Set Variable" owner="BuiltIn">
<msg time="2024-12-04T13:04:28.637699" level="INFO">${NomReglaRan} = Lista numero: 484</msg>
<var>${NomReglaRan}</var>
<arg>Lista numero: ${numrandomR}</arg>
<doc>Returns the given values which can then be assigned to a variables.</doc>
<status status="PASS" start="2024-12-04T13:04:28.637322" elapsed="0.000434"/>
</kw>
<kw name="Wait Until Element Is Visible" owner="SeleniumLibrary">
<arg>${NomReglaP}</arg>
<doc>Waits until the element ``locator`` is visible.</doc>
<status status="PASS" start="2024-12-04T13:04:28.638004" elapsed="0.032836"/>
</kw>
<kw name="Input Text" owner="SeleniumLibrary">
<msg time="2024-12-04T13:04:28.671201" level="INFO">Typing text 'Lista numero: 484' into text field 'name'.</msg>
<arg>${NomReglaP}</arg>
<arg>${NomReglaRan}</arg>
<doc>Types the given ``text`` into the text field identified by ``locator``.</doc>
<status status="PASS" start="2024-12-04T13:04:28.671002" elapsed="0.138185"/>
</kw>
<kw name="Input Text" owner="SeleniumLibrary">
<msg time="2024-12-04T13:04:28.809809" level="INFO">Typing text 'Descripción de reglas auto' into text field 'description'.</msg>
<arg>${DescReglaP}</arg>
<arg>Descripción de reglas auto</arg>
<doc>Types the given ``text`` into the text field identified by ``locator``.</doc>
<status status="PASS" start="2024-12-04T13:04:28.809374" elapsed="0.175582"/>
</kw>
<kw name="Log To Console" owner="BuiltIn">
<arg>Ingresa a nueva regla</arg>
<doc>Logs the given message to the console.</doc>
<status status="PASS" start="2024-12-04T13:04:28.985191" elapsed="0.000301"/>
</kw>
<kw name="Sleep" owner="BuiltIn">
<msg time="2024-12-04T13:04:30.985960" level="INFO">Slept 2 seconds.</msg>
<arg>2s</arg>
<doc>Pauses the test executed for the given time.</doc>
<status status="PASS" start="2024-12-04T13:04:28.985644" elapsed="2.000521"/>
</kw>
<status status="PASS" start="2024-12-04T13:04:28.635649" elapsed="2.350733"/>
</kw>
<kw name="Seleccionar opcion Todas las condiciones" owner="keywordsreglasvelo">
<kw name="Click Element" owner="SeleniumLibrary">
<msg time="2024-12-04T13:04:30.987656" level="INFO">Clicking element 'xpath=//input[@value='allConditions']'.</msg>
<arg>${TodasLasCondi}</arg>
<doc>Click the element identified by ``locator``.</doc>
<status status="PASS" start="2024-12-04T13:04:30.987263" elapsed="0.074354"/>
</kw>
<status status="PASS" start="2024-12-04T13:04:30.986731" elapsed="0.074988"/>
</kw>
<kw name="Sleep" owner="BuiltIn">
<msg time="2024-12-04T13:04:33.062180" level="INFO">Slept 2 seconds.</msg>
<arg>2s</arg>
<doc>Pauses the test executed for the given time.</doc>
<status status="PASS" start="2024-12-04T13:04:31.061844" elapsed="2.000567"/>
</kw>
<kw name="Una condicion Apellido Materno Es igual a" owner="keywordsreglasvelo">
<kw name="Get Length" owner="BuiltIn">
<msg time="2024-12-04T13:04:33.064108" level="INFO">Length is 1.</msg>
<msg time="2024-12-04T13:04:33.064275" level="INFO">${length} = 1</msg>
<var>${length}</var>
<arg>${ClienteApellidoMaterno}</arg>
<doc>Returns and logs the length of the given item as an integer.</doc>
<status status="PASS" start="2024-12-04T13:04:33.063815" elapsed="0.000514"/>
</kw>
<kw name="Log To Console" owner="BuiltIn">
<arg>${length}</arg>
<doc>Logs the given message to the console.</doc>
<status status="PASS" start="2024-12-04T13:04:33.064603" elapsed="0.000344"/>
</kw>
<for flavor="IN RANGE">
<iter>
<kw name="Set Variable" owner="BuiltIn">
<msg time="2024-12-04T13:04:33.066411" level="INFO">${apellidomaterno} = Pérez</msg>
<var>${apellidomaterno}</var>
<arg>${ClienteApellidoMaterno}[${index}]</arg>
<doc>Returns the given values which can then be assigned to a variables.</doc>
<status status="PASS" start="2024-12-04T13:04:33.065964" elapsed="0.000508"/>
</kw>
<kw name="Click Button" owner="SeleniumLibrary">
<msg time="2024-12-04T13:04:33.067484" level="INFO">Clicking button 'xpath=//button[text()='Nueva condición']'.</msg>
<arg>${NuevaCondiRPUna}</arg>
<doc>Clicks the button identified by ``locator``.</doc>
<status status="PASS" start="2024-12-04T13:04:33.066719" elapsed="0.108490"/>
</kw>
<kw name="Click Element" owner="SeleniumLibrary">
<msg time="2024-12-04T13:04:33.175728" level="INFO">Clicking element '(//div[contains(@class, 'MuiSelect-select')])[2]'.</msg>
<arg>${ListaProveedorP}</arg>
<doc>Click the element identified by ``locator``.</doc>
<status status="PASS" start="2024-12-04T13:04:33.175485" elapsed="0.060764"/>
</kw>
<kw name="Click Element" owner="SeleniumLibrary">
<msg time="2024-12-04T13:04:33.236630" level="INFO">Clicking element 'xpath=//li[contains(text(), 'TRANSACCION')]'.</msg>
<arg>${ElemenProveeTra}</arg>
<doc>Click the element identified by ``locator``.</doc>
<status status="PASS" start="2024-12-04T13:04:33.236436" elapsed="0.562373"/>
</kw>
<kw name="Click Element" owner="SeleniumLibrary">
<msg time="2024-12-04T13:04:33.799161" level="INFO">Clicking element '(//div[contains(@class, 'MuiSelect-select')])[3]'.</msg>
<arg>${ListaElemenTran}</arg>
<doc>Click the element identified by ``locator``.</doc>
<status status="PASS" start="2024-12-04T13:04:33.798979" elapsed="0.328070"/>
</kw>
<kw name="Set Variable" owner="BuiltIn">
<msg time="2024-12-04T13:04:34.127851" level="INFO">${ElementoTran} = //div[@class='MuiPaper-root MuiPaper-elevation MuiPaper-rounded MuiPaper-elevation8 MuiPopover-paper MuiMenu-paper MuiMenu-paper css-594a8l']//ul/li[contains(@class, 'MuiMenuItem-root')][18]</msg>
<var>${ElementoTran}</var>
<arg>//div[@class='MuiPaper-root MuiPaper-elevation MuiPaper-rounded MuiPaper-elevation8 MuiPopover-paper MuiMenu-paper MuiMenu-paper css-594a8l']//ul/li[contains(@class, 'MuiMenuItem-root')][${18}]</arg>
<doc>Returns the given values which can then be assigned to a variables.</doc>
<status status="PASS" start="2024-12-04T13:04:34.127254" elapsed="0.000624"/>
</kw>
<kw name="Click Element" owner="SeleniumLibrary">
<msg time="2024-12-04T13:04:34.128174" level="INFO">Clicking element '//div[@class='MuiPaper-root MuiPaper-elevation MuiPaper-rounded MuiPaper-elevation8 MuiPopover-paper MuiMenu-paper MuiMenu-paper css-594a8l']//ul/li[contains(@class, 'MuiMenuItem-root')][18]'.</msg>
<arg>${ElementoTran}</arg>
<doc>Click the element identified by ``locator``.</doc>
<status status="PASS" start="2024-12-04T13:04:34.128012" elapsed="0.497636"/>
</kw>
<kw name="Log To Console" owner="BuiltIn">
<arg>CLickear tipo de transaccion</arg>
<doc>Logs the given message to the console.</doc>
<status status="PASS" start="2024-12-04T13:04:34.625819" elapsed="0.000146"/>
</kw>
<kw name="Sleep" owner="BuiltIn">
<msg time="2024-12-04T13:04:36.626342" level="INFO">Slept 2 seconds.</msg>
<arg>2s</arg>
<doc>Pauses the test executed for the given time.</doc>
<status status="PASS" start="2024-12-04T13:04:34.626068" elapsed="2.000502"/>
</kw>
<kw name="Click Element" owner="SeleniumLibrary">
<msg time="2024-12-04T13:04:36.627379" level="INFO">Clicking element '(//div[contains(@class, 'MuiSelect-select')])[4]'.</msg>
<arg>${ListaCondi}</arg>
<doc>Click the element identified by ``locator``.</doc>
<status status="PASS" start="2024-12-04T13:04:36.626927" elapsed="0.065942"/>
</kw>
<kw name="Sleep" owner="BuiltIn">
<msg time="2024-12-04T13:04:38.693391" level="INFO">Slept 2 seconds.</msg>
<arg>2s</arg>
<doc>Pauses the test executed for the given time.</doc>
<status status="PASS" start="2024-12-04T13:04:36.693034" elapsed="2.000584"/>
</kw>
<kw name="Wait Until Element Is Enabled" owner="SeleniumLibrary">
<arg>${EsigualA}</arg>
<arg>6s</arg>
<doc>Waits until the element ``locator`` is enabled.</doc>
<status status="PASS" start="2024-12-04T13:04:38.693991" elapsed="0.040834"/>
</kw>
<kw name="Log To Console" owner="BuiltIn">
<arg>CLickear lista de condificones</arg>
<doc>Logs the given message to the console.</doc>
<status status="PASS" start="2024-12-04T13:04:38.735045" elapsed="0.000157"/>
</kw>
<kw name="Click Element" owner="SeleniumLibrary">
<msg time="2024-12-04T13:04:38.735481" level="INFO">Clicking element '//li[contains(text(), 'Es igual a')]'.</msg>
<arg>${EsigualA}</arg>
<doc>Click the element identified by ``locator``.</doc>
<status status="PASS" start="2024-12-04T13:04:38.735318" elapsed="0.060495"/>
</kw>
<kw name="Log To Console" owner="BuiltIn">
<arg>CLickear condificones</arg>
<doc>Logs the given message to the console.</doc>
<status status="PASS" start="2024-12-04T13:04:38.795983" elapsed="0.000146"/>
</kw>
<kw name="Sleep" owner="BuiltIn">
<msg time="2024-12-04T13:04:41.796539" level="INFO">Slept 3 seconds.</msg>
<arg>3s</arg>
<doc>Pauses the test executed for the given time.</doc>
<status status="PASS" start="2024-12-04T13:04:38.796214" elapsed="3.000549"/>
</kw>
<kw name="Input Text" owner="SeleniumLibrary">
<msg time="2024-12-04T13:04:41.797722" level="INFO">Typing text 'Pérez' into text field 'valueToCompare'.</msg>
<arg>${Valoracomp}</arg>
<arg>${apellidomaterno}</arg>
<doc>Types the given ``text`` into the text field identified by ``locator``.</doc>
<status status="PASS" start="2024-12-04T13:04:41.797150" elapsed="0.129762"/>
</kw>
<kw name="Click Button" owner="SeleniumLibrary">
<msg time="2024-12-04T13:04:41.927432" level="INFO">Clicking button 'xpath=//button[text()='Guardar condición']'.</msg>
<arg>${ButGuardarCondi}</arg>
<doc>Clicks the button identified by ``locator``.</doc>
<status status="PASS" start="2024-12-04T13:04:41.927122" elapsed="0.079382"/>
</kw>
<kw name="Wait Until Element Is Visible" owner="SeleniumLibrary">
<arg>${NuevaCondiRPUna}</arg>
<doc>Waits until the element ``locator`` is visible.</doc>
<status status="PASS" start="2024-12-04T13:04:42.006683" elapsed="0.011665"/>
</kw>
<var name="${index}">0</var>
<status status="PASS" start="2024-12-04T13:04:33.065716" elapsed="8.952717"/>
</iter>
<var>${index}</var>
<value>0</value>
<value>${length}</value>
<status status="PASS" start="2024-12-04T13:04:33.065107" elapsed="8.953383"/>
</for>
<kw name="Click Button" owner="SeleniumLibrary">
<msg time="2024-12-04T13:04:42.018814" level="INFO">Clicking button 'xpath=//button[text()='Guardar']'.</msg>
<arg>${GuardarReglas}</arg>
<doc>Clicks the button identified by ``locator``.</doc>
<status status="PASS" start="2024-12-04T13:04:42.018631" elapsed="0.054222"/>
</kw>
<status status="PASS" start="2024-12-04T13:04:33.063209" elapsed="9.009758"/>
</kw>
<status status="PASS" start="2024-12-04T13:04:18.663006" elapsed="23.410011"/>
</kw>
<kw name="Close Browser" owner="SeleniumLibrary">
<doc>Closes the current browser.</doc>
<status status="PASS" start="2024-12-04T13:04:42.073205" elapsed="0.062306"/>
</kw>
<status status="PASS" start="2024-12-04T13:04:18.662382" elapsed="23.473381"/>
</test>
<doc>Login ClaroScore</doc>
<status status="PASS" start="2024-12-04T13:04:18.563272" elapsed="23.572838"/>
</suite>
<suite id="s1-s2" name="CrearApellidoPaternoT" source="/home/miguelangelhernandez/Documentos/Automatización/claroscoreV3/ClaroScore/Tests/TReglasduras/ReglasPersonalizadas/CreacionReglas/TodasCondiciones/CrearApellidoPaternoT.robot">
<test id="s1-s2-t1" name="Prueba creación de regla Apellido Paterno, Es igual a, todas las condiciones" line="5">
<kw name="Creación regla Apellido paterno, Es igual a, Todas las condiciones" owner="keywordsreglasvelo">
<kw name="Ingresar a Reglas Personalizadas" owner="keywordsreglasvelo">
<kw name="Desplegar menu Reglas Duras" owner="keywordsreglasduras">
<kw name="Login succesfull simple" owner="keywords_login">
<kw name="Open Browser" owner="SeleniumLibrary">
<msg time="2024-12-04T13:04:42.146870" level="INFO">Opening browser 'chrome' to base url 'https://alpha-admin.dev.t1score.com/'.</msg>
<arg>${URL}</arg>
<arg>${BROWSER}</arg>
<doc>Opens a new browser instance to the optional ``url``.</doc>
<status status="PASS" start="2024-12-04T13:04:42.146687" elapsed="1.222659"/>
</kw>
<kw name="Set Browser Implicit Wait" owner="SeleniumLibrary">
<arg>5</arg>
<doc>Sets the implicit wait value used by Selenium.</doc>
<status status="PASS" start="2024-12-04T13:04:43.369791" elapsed="0.006301"/>
</kw>
<kw name="Maximize Browser Window" owner="SeleniumLibrary">
<doc>Maximizes current browser window.</doc>
<status status="PASS" start="2024-12-04T13:04:43.376507" elapsed="0.024836"/>
</kw>
<kw name="Input Text" owner="SeleniumLibrary">
<msg time="2024-12-04T13:04:43.401829" level="INFO">Typing text 'victor@t1pagos.com' into text field 'username'.</msg>
<arg>username</arg>
<arg>${user}</arg>
<doc>Types the given ``text`` into the text field identified by ``locator``.</doc>
<status status="PASS" start="2024-12-04T13:04:43.401583" elapsed="0.682819"/>
</kw>
<kw name="Input Text" owner="SeleniumLibrary">
<msg time="2024-12-04T13:04:44.084762" level="INFO">Typing text '5sAZd-52q_c2' into text field 'password'.</msg>
<arg>password</arg>
<arg>${password}</arg>
<doc>Types the given ``text`` into the text field identified by ``locator``.</doc>
<status status="PASS" start="2024-12-04T13:04:44.084570" elapsed="0.050476"/>
</kw>
<kw name="Click Element" owner="SeleniumLibrary">
<msg time="2024-12-04T13:04:44.135412" level="INFO">Clicking element 'login'.</msg>
<arg>${btnIngresar}</arg>
<doc>Click the element identified by ``locator``.</doc>
<status status="PASS" start="2024-12-04T13:04:44.135214" elapsed="0.279444"/>
</kw>
<status status="PASS" start="2024-12-04T13:04:42.146501" elapsed="2.268408"/>
</kw>
<kw name="Click Element" owner="SeleniumLibrary">
<msg time="2024-12-04T13:04:44.415747" level="INFO">Clicking element 'xpath=//span[text()='Reglas duras']'.</msg>
<arg>${ButReglasDuras}</arg>
<doc>Click the element identified by ``locator``.</doc>
<status status="PASS" start="2024-12-04T13:04:44.415230" elapsed="1.821395"/>
</kw>
<kw name="Sleep" owner="BuiltIn">
<msg time="2024-12-04T13:04:48.237285" level="INFO">Slept 2 seconds.</msg>
<arg>2s</arg>
<doc>Pauses the test executed for the given time.</doc>
<status status="PASS" start="2024-12-04T13:04:46.236793" elapsed="2.000751"/>
</kw>
<status status="PASS" start="2024-12-04T13:04:42.146310" elapsed="6.091446"/>
</kw>
<kw name="Click Element" owner="SeleniumLibrary">
<msg time="2024-12-04T13:04:48.238527" level="INFO">Clicking element 'xpath=//span[text()='Reglas personalizadas']'.</msg>
<arg>${ButReglasPerso}</arg>
<doc>Click the element identified by ``locator``.</doc>
<status status="PASS" start="2024-12-04T13:04:48.238057" elapsed="0.059708"/>
</kw>
<status status="PASS" start="2024-12-04T13:04:42.146096" elapsed="6.151802"/>
</kw>
<kw name="Ingresar a formulario &quot;Nueva Regla&quot;" owner="keywordsreglasvelo">
<kw name="Click Element" owner="SeleniumLibrary">
<msg time="2024-12-04T13:04:48.298929" level="INFO">Clicking element 'xpath=/html/body/div[@id='__next']/div[@class='flex']/main[@class='w-full']/section[@class='p-10']/div[@class='flex items-center flex-col gap-4 md:justify-between md:flex-row']/div[@class='w-full md:basis-1/2']/div[@class='w-full flex md:justify-end']/button[contains(@class, 'MuiButtonBase-root') and contains(@class, 'MuiButton-outlinedPrimary')]'.</msg>
<arg>${ButNuevaRegla}</arg>
<doc>Click the element identified by ``locator``.</doc>
<status status="PASS" start="2024-12-04T13:04:48.298742" elapsed="0.201963"/>
</kw>
<kw name="Sleep" owner="BuiltIn">
<msg time="2024-12-04T13:04:51.501620" level="INFO">Slept 3 seconds.</msg>
<arg>3s</arg>
<doc>Pauses the test executed for the given time.</doc>
<status status="PASS" start="2024-12-04T13:04:48.501019" elapsed="3.000811"/>
</kw>
<status status="PASS" start="2024-12-04T13:04:48.298116" elapsed="3.203909"/>
</kw>
<kw name="Ingresar a formulario y completar los primeros datos" owner="keywordsreglasvelo">
<kw name="Evaluate" owner="BuiltIn">
<msg time="2024-12-04T13:04:51.503772" level="INFO">${numrandomR} = 705</msg>
<var>${numrandomR}</var>
<arg>random.randint(${MIN_NUMBER}, ${MAX_NUMBER})</arg>
<arg>random</arg>
<doc>Evaluates the given expression in Python and returns the result.</doc>
<status status="PASS" start="2024-12-04T13:04:51.503073" elapsed="0.000764"/>
</kw>
<kw name="Set Variable" owner="BuiltIn">
<msg time="2024-12-04T13:04:51.504445" level="INFO">${NomReglaRan} = Lista numero: 705</msg>
<var>${NomReglaRan}</var>
<arg>Lista numero: ${numrandomR}</arg>
<doc>Returns the given values which can then be assigned to a variables.</doc>
<status status="PASS" start="2024-12-04T13:04:51.504094" elapsed="0.000407"/>
</kw>
<kw name="Wait Until Element Is Visible" owner="SeleniumLibrary">
<arg>${NomReglaP}</arg>
<doc>Waits until the element ``locator`` is visible.</doc>
<status status="PASS" start="2024-12-04T13:04:51.504744" elapsed="0.037344"/>
</kw>
<kw name="Input Text" owner="SeleniumLibrary">
<msg time="2024-12-04T13:04:51.542501" level="INFO">Typing text 'Lista numero: 705' into text field 'name'.</msg>
<arg>${NomReglaP}</arg>
<arg>${NomReglaRan}</arg>
<doc>Types the given ``text`` into the text field identified by ``locator``.</doc>
<status status="PASS" start="2024-12-04T13:04:51.542266" elapsed="0.140604"/>
</kw>
<kw name="Input Text" owner="SeleniumLibrary">
<msg time="2024-12-04T13:04:51.683446" level="INFO">Typing text 'Descripción de reglas auto' into text field 'description'.</msg>
<arg>${DescReglaP}</arg>
<arg>Descripción de reglas auto</arg>
<doc>Types the given ``text`` into the text field identified by ``locator``.</doc>
<status status="PASS" start="2024-12-04T13:04:51.683120" elapsed="0.160928"/>
</kw>
<kw name="Log To Console" owner="BuiltIn">
<arg>Ingresa a nueva regla</arg>
<doc>Logs the given message to the console.</doc>
<status status="PASS" start="2024-12-04T13:04:51.844227" elapsed="0.000165"/>
</kw>
<kw name="Sleep" owner="BuiltIn">
<msg time="2024-12-04T13:04:53.844744" level="INFO">Slept 2 seconds.</msg>
<arg>2s</arg>
<doc>Pauses the test executed for the given time.</doc>
<status status="PASS" start="2024-12-04T13:04:51.844484" elapsed="2.000473"/>
</kw>
<status status="PASS" start="2024-12-04T13:04:51.502470" elapsed="2.342688"/>
</kw>
<kw name="Seleccionar opcion Todas las condiciones" owner="keywordsreglasvelo">
<kw name="Click Element" owner="SeleniumLibrary">
<msg time="2024-12-04T13:04:53.847667" level="INFO">Clicking element 'xpath=//input[@value='allConditions']'.</msg>
<arg>${TodasLasCondi}</arg>
<doc>Click the element identified by ``locator``.</doc>
<status status="PASS" start="2024-12-04T13:04:53.846201" elapsed="0.077886"/>
</kw>
<status status="PASS" start="2024-12-04T13:04:53.845545" elapsed="0.078636"/>
</kw>
<kw name="Sleep" owner="BuiltIn">
<msg time="2024-12-04T13:04:55.924632" level="INFO">Slept 2 seconds.</msg>
<arg>2s</arg>
<doc>Pauses the test executed for the given time.</doc>
<status status="PASS" start="2024-12-04T13:04:53.924296" elapsed="2.000566"/>
</kw>
<kw name="Una condicion Apellido Paterno Es igual a" owner="keywordsreglasvelo">
<kw name="Get Length" owner="BuiltIn">
<msg time="2024-12-04T13:04:55.926472" level="INFO">Length is 1.</msg>
<msg time="2024-12-04T13:04:55.926628" level="INFO">${length} = 1</msg>
<var>${length}</var>
<arg>${ClienteApellidoPaterno}</arg>
<doc>Returns and logs the length of the given item as an integer.</doc>
<status status="PASS" start="2024-12-04T13:04:55.926152" elapsed="0.000528"/>
</kw>
<kw name="Log To Console" owner="BuiltIn">
<arg>${length}</arg>
<doc>Logs the given message to the console.</doc>
<status status="PASS" start="2024-12-04T13:04:55.926925" elapsed="0.000621"/>
</kw>
<for flavor="IN RANGE">
<iter>
<kw name="Set Variable" owner="BuiltIn">
<msg time="2024-12-04T13:04:55.928935" level="INFO">${apellidopaterno} = Gómez</msg>
<var>${apellidopaterno}</var>
<arg>${ClienteApellidoPaterno}[${index}]</arg>
<doc>Returns the given values which can then be assigned to a variables.</doc>
<status status="PASS" start="2024-12-04T13:04:55.928575" elapsed="0.000413"/>
</kw>
<kw name="Click Button" owner="SeleniumLibrary">
<msg time="2024-12-04T13:04:55.929752" level="INFO">Clicking button 'xpath=//button[text()='Nueva condición']'.</msg>
<arg>${NuevaCondiRPUna}</arg>
<doc>Clicks the button identified by ``locator``.</doc>
<status status="PASS" start="2024-12-04T13:04:55.929246" elapsed="0.117672"/>
</kw>
<kw name="Click Element" owner="SeleniumLibrary">
<msg time="2024-12-04T13:04:56.047443" level="INFO">Clicking element '(//div[contains(@class, 'MuiSelect-select')])[2]'.</msg>
<arg>${ListaProveedorP}</arg>
<doc>Click the element identified by ``locator``.</doc>
<status status="PASS" start="2024-12-04T13:04:56.047158" elapsed="0.062036"/>
</kw>
<kw name="Click Element" owner="SeleniumLibrary">
<msg time="2024-12-04T13:04:56.109572" level="INFO">Clicking element 'xpath=//li[contains(text(), 'TRANSACCION')]'.</msg>
<arg>${ElemenProveeTra}</arg>
<doc>Click the element identified by ``locator``.</doc>
<status status="PASS" start="2024-12-04T13:04:56.109381" elapsed="0.379523"/>
</kw>
<kw name="Click Element" owner="SeleniumLibrary">
<msg time="2024-12-04T13:04:56.489277" level="INFO">Clicking element '(//div[contains(@class, 'MuiSelect-select')])[3]'.</msg>
<arg>${ListaElemenTran}</arg>
<doc>Click the element identified by ``locator``.</doc>
<status status="PASS" start="2024-12-04T13:04:56.489080" elapsed="0.325073"/>
</kw>
<kw name="Sleep" owner="BuiltIn">
<msg time="2024-12-04T13:04:58.815053" level="INFO">Slept 2 seconds.</msg>
<arg>2s</arg>
<doc>Pauses the test executed for the given time.</doc>
<status status="PASS" start="2024-12-04T13:04:56.814652" elapsed="2.000632"/>
</kw>
<kw name="Set Variable" owner="BuiltIn">
<msg time="2024-12-04T13:04:58.817148" level="INFO">${ElementoTran} = //div[@class='MuiPaper-root MuiPaper-elevation MuiPaper-rounded MuiPaper-elevation8 MuiPopover-paper MuiMenu-paper MuiMenu-paper css-594a8l']//ul/li[contains(@class, 'MuiMenuItem-root')][19]</msg>
<var>${ElementoTran}</var>
<arg>//div[@class='MuiPaper-root MuiPaper-elevation MuiPaper-rounded MuiPaper-elevation8 MuiPopover-paper MuiMenu-paper MuiMenu-paper css-594a8l']//ul/li[contains(@class, 'MuiMenuItem-root')][${19}]</arg>
<doc>Returns the given values which can then be assigned to a variables.</doc>
<status status="PASS" start="2024-12-04T13:04:58.815699" elapsed="0.001515"/>
</kw>
<kw name="Click Element" owner="SeleniumLibrary">
<msg time="2024-12-04T13:04:58.817877" level="INFO">Clicking element '//div[@class='MuiPaper-root MuiPaper-elevation MuiPaper-rounded MuiPaper-elevation8 MuiPopover-paper MuiMenu-paper MuiMenu-paper css-594a8l']//ul/li[contains(@class, 'MuiMenuItem-root')][19]'.</msg>
<arg>${ElementoTran}</arg>
<doc>Click the element identified by ``locator``.</doc>
<status status="PASS" start="2024-12-04T13:04:58.817505" elapsed="0.104368"/>
</kw>
<kw name="Log To Console" owner="BuiltIn">
<arg>CLickear tipo de transaccion</arg>
<doc>Logs the given message to the console.</doc>
<status status="PASS" start="2024-12-04T13:04:58.922044" elapsed="0.000155"/>
</kw>
<kw name="Sleep" owner="BuiltIn">
<msg time="2024-12-04T13:05:00.922615" level="INFO">Slept 2 seconds.</msg>
<arg>2s</arg>
<doc>Pauses the test executed for the given time.</doc>
<status status="PASS" start="2024-12-04T13:04:58.922300" elapsed="2.000532"/>
</kw>
<kw name="Click Element" owner="SeleniumLibrary">
<msg time="2024-12-04T13:05:00.923734" level="INFO">Clicking element '(//div[contains(@class, 'MuiSelect-select')])[4]'.</msg>
<arg>${ListaCondi}</arg>
<doc>Click the element identified by ``locator``.</doc>
<status status="PASS" start="2024-12-04T13:05:00.923224" elapsed="0.075348"/>
</kw>
<kw name="Sleep" owner="BuiltIn">
<msg time="2024-12-04T13:05:02.999518" level="INFO">Slept 2 seconds.</msg>
<arg>2s</arg>
<doc>Pauses the test executed for the given time.</doc>
<status status="PASS" start="2024-12-04T13:05:00.998990" elapsed="2.000748"/>
</kw>
<kw name="Wait Until Element Is Enabled" owner="SeleniumLibrary">
<arg>${EsigualA}</arg>
<arg>6s</arg>
<doc>Waits until the element ``locator`` is enabled.</doc>
<status status="PASS" start="2024-12-04T13:05:03.000119" elapsed="0.034617"/>
</kw>
<kw name="Log To Console" owner="BuiltIn">
<arg>CLickear lista de condificones</arg>
<doc>Logs the given message to the console.</doc>
<status status="PASS" start="2024-12-04T13:05:03.034895" elapsed="0.000136"/>
</kw>
<kw name="Click Element" owner="SeleniumLibrary">
<msg time="2024-12-04T13:05:03.035267" level="INFO">Clicking element '//li[contains(text(), 'Es igual a')]'.</msg>
<arg>${EsigualA}</arg>
<doc>Click the element identified by ``locator``.</doc>
<status status="PASS" start="2024-12-04T13:05:03.035121" elapsed="0.060539"/>
</kw>
<kw name="Log To Console" owner="BuiltIn">
<arg>CLickear condificones</arg>
<doc>Logs the given message to the console.</doc>
<status status="PASS" start="2024-12-04T13:05:03.095936" elapsed="0.000332"/>
</kw>
<kw name="Sleep" owner="BuiltIn">
<msg time="2024-12-04T13:05:06.096940" level="INFO">Slept 3 seconds.</msg>
<arg>3s</arg>
<doc>Pauses the test executed for the given time.</doc>
<status status="PASS" start="2024-12-04T13:05:03.096524" elapsed="3.000648"/>
</kw>
<kw name="Input Text" owner="SeleniumLibrary">
<msg time="2024-12-04T13:05:06.098057" level="INFO">Typing text 'Gómez' into text field 'valueToCompare'.</msg>
<arg>${Valoracomp}</arg>
<arg>${apellidopaterno}</arg>
<doc>Types the given ``text`` into the text field identified by ``locator``.</doc>
<status status="PASS" start="2024-12-04T13:05:06.097555" elapsed="0.115755"/>
</kw>
<kw name="Click Button" owner="SeleniumLibrary">
<msg time="2024-12-04T13:05:06.213869" level="INFO">Clicking button 'xpath=//button[text()='Guardar condición']'.</msg>
<arg>${ButGuardarCondi}</arg>
<doc>Clicks the button identified by ``locator``.</doc>
<status status="PASS" start="2024-12-04T13:05:06.213604" elapsed="0.083335"/>
</kw>
<kw name="Wait Until Element Is Visible" owner="SeleniumLibrary">
<arg>${NuevaCondiRPUna}</arg>
<doc>Waits until the element ``locator`` is visible.</doc>
<status status="PASS" start="2024-12-04T13:05:06.297182" elapsed="0.014824"/>
</kw>
<var name="${index}">0</var>
<status status="PASS" start="2024-12-04T13:04:55.928344" elapsed="10.383731"/>
</iter>
<var>${index}</var>
<value>0</value>
<value>${length}</value>
<status status="PASS" start="2024-12-04T13:04:55.927778" elapsed="10.384349"/>
</for>
<kw name="Click Button" owner="SeleniumLibrary">
<msg time="2024-12-04T13:05:06.312448" level="INFO">Clicking button 'xpath=//button[text()='Guardar']'.</msg>
<arg>${GuardarReglas}</arg>
<doc>Clicks the button identified by ``locator``.</doc>
<status status="PASS" start="2024-12-04T13:05:06.312261" elapsed="0.059355"/>
</kw>
<status status="PASS" start="2024-12-04T13:04:55.925579" elapsed="10.446139"/>
</kw>
<status status="PASS" start="2024-12-04T13:04:42.145598" elapsed="24.226173"/>
</kw>
<kw name="Close Browser" owner="SeleniumLibrary">
<doc>Closes the current browser.</doc>
<status status="PASS" start="2024-12-04T13:05:06.372082" elapsed="0.060673"/>
</kw>
<status status="PASS" start="2024-12-04T13:04:42.144414" elapsed="24.288582"/>
</test>
<doc>Login ClaroScore</doc>
<status status="PASS" start="2024-12-04T13:04:42.136486" elapsed="24.296756"/>
</suite>
<suite id="s1-s3" name="CrearBINT" source="/home/miguelangelhernandez/Documentos/Automatización/claroscoreV3/ClaroScore/Tests/TReglasduras/ReglasPersonalizadas/CreacionReglas/TodasCondiciones/CrearBINT.robot">
<test id="s1-s3-t1" name="Prueba creación de regla BIN, Es igual a, todas las condiciones" line="5">
<kw name="Creación regla BIN, Es igual a, Todas condiciones" owner="keywordsreglasvelo">
<kw name="Ingresar a Reglas Personalizadas" owner="keywordsreglasvelo">
<kw name="Desplegar menu Reglas Duras" owner="keywordsreglasduras">
<kw name="Login succesfull simple" owner="keywords_login">
<kw name="Open Browser" owner="SeleniumLibrary">
<msg time="2024-12-04T13:05:06.439002" level="INFO">Opening browser 'chrome' to base url 'https://alpha-admin.dev.t1score.com/'.</msg>
<arg>${URL}</arg>
<arg>${BROWSER}</arg>
<doc>Opens a new browser instance to the optional ``url``.</doc>
<status status="PASS" start="2024-12-04T13:05:06.438867" elapsed="0.999690"/>
</kw>
<kw name="Set Browser Implicit Wait" owner="SeleniumLibrary">
<arg>5</arg>
<doc>Sets the implicit wait value used by Selenium.</doc>
<status status="PASS" start="2024-12-04T13:05:07.439638" elapsed="0.001341"/>
</kw>
<kw name="Maximize Browser Window" owner="SeleniumLibrary">
<doc>Maximizes current browser window.</doc>
<status status="PASS" start="2024-12-04T13:05:07.441158" elapsed="0.035515"/>
</kw>
<kw name="Input Text" owner="SeleniumLibrary">
<msg time="2024-12-04T13:05:07.477155" level="INFO">Typing text 'victor@t1pagos.com' into text field 'username'.</msg>
<arg>username</arg>
<arg>${user}</arg>
<doc>Types the given ``text`` into the text field identified by ``locator``.</doc>
<status status="PASS" start="2024-12-04T13:05:07.476887" elapsed="1.084350"/>
</kw>
<kw name="Input Text" owner="SeleniumLibrary">
<msg time="2024-12-04T13:05:08.561618" level="INFO">Typing text '5sAZd-52q_c2' into text field 'password'.</msg>
<arg>password</arg>
<arg>${password}</arg>
<doc>Types the given ``text`` into the text field identified by ``locator``.</doc>
<status status="PASS" start="2024-12-04T13:05:08.561419" elapsed="0.052639"/>
</kw>
<kw name="Click Element" owner="SeleniumLibrary">
<msg time="2024-12-04T13:05:08.614431" level="INFO">Clicking element 'login'.</msg>
<arg>${btnIngresar}</arg>
<doc>Click the element identified by ``locator``.</doc>
<status status="PASS" start="2024-12-04T13:05:08.614231" elapsed="0.187806"/>
</kw>
<status status="PASS" start="2024-12-04T13:05:06.438721" elapsed="2.363981"/>
</kw>
<kw name="Click Element" owner="SeleniumLibrary">
<msg time="2024-12-04T13:05:08.803621" level="INFO">Clicking element 'xpath=//span[text()='Reglas duras']'.</msg>
<arg>${ButReglasDuras}</arg>
<doc>Click the element identified by ``locator``.</doc>
<status status="PASS" start="2024-12-04T13:05:08.803060" elapsed="1.497075"/>
</kw>
<kw name="Sleep" owner="BuiltIn">
<msg time="2024-12-04T13:05:12.300756" level="INFO">Slept 2 seconds.</msg>
<arg>2s</arg>
<doc>Pauses the test executed for the given time.</doc>
<status status="PASS" start="2024-12-04T13:05:10.300310" elapsed="2.000670"/>
</kw>
<status status="PASS" start="2024-12-04T13:05:06.438545" elapsed="5.862643"/>
</kw>
<kw name="Click Element" owner="SeleniumLibrary">
<msg time="2024-12-04T13:05:12.301989" level="INFO">Clicking element 'xpath=//span[text()='Reglas personalizadas']'.</msg>
<arg>${ButReglasPerso}</arg>
<doc>Click the element identified by ``locator``.</doc>
<status status="PASS" start="2024-12-04T13:05:12.301520" elapsed="0.069353"/>
</kw>
<status status="PASS" start="2024-12-04T13:05:06.438316" elapsed="5.932706"/>
</kw>
<kw name="Ingresar a formulario &quot;Nueva Regla&quot;" owner="keywordsreglasvelo">
<kw name="Click Element" owner="SeleniumLibrary">
<msg time="2024-12-04T13:05:12.371769" level="INFO">Clicking element 'xpath=/html/body/div[@id='__next']/div[@class='flex']/main[@class='w-full']/section[@class='p-10']/div[@class='flex items-center flex-col gap-4 md:justify-between md:flex-row']/div[@class='w-full md:basis-1/2']/div[@class='w-full flex md:justify-end']/button[contains(@class, 'MuiButtonBase-root') and contains(@class, 'MuiButton-outlinedPrimary')]'.</msg>
<arg>${ButNuevaRegla}</arg>
<doc>Click the element identified by ``locator``.</doc>
<status status="PASS" start="2024-12-04T13:05:12.371591" elapsed="0.157600"/>
</kw>
<kw name="Sleep" owner="BuiltIn">
<msg time="2024-12-04T13:05:15.529786" level="INFO">Slept 3 seconds.</msg>
<arg>3s</arg>
<doc>Pauses the test executed for the given time.</doc>
<status status="PASS" start="2024-12-04T13:05:12.529432" elapsed="3.000557"/>
</kw>
<status status="PASS" start="2024-12-04T13:05:12.371251" elapsed="3.158940"/>
</kw>
<kw name="Ingresar a formulario y completar los primeros datos" owner="keywordsreglasvelo">
<kw name="Evaluate" owner="BuiltIn">
<msg time="2024-12-04T13:05:15.531834" level="INFO">${numrandomR} = 983</msg>
<var>${numrandomR}</var>
<arg>random.randint(${MIN_NUMBER}, ${MAX_NUMBER})</arg>
<arg>random</arg>
<doc>Evaluates the given expression in Python and returns the result.</doc>
<status status="PASS" start="2024-12-04T13:05:15.531188" elapsed="0.000709"/>
</kw>
<kw name="Set Variable" owner="BuiltIn">
<msg time="2024-12-04T13:05:15.532857" level="INFO">${NomReglaRan} = Lista numero: 983</msg>
<var>${NomReglaRan}</var>
<arg>Lista numero: ${numrandomR}</arg>
<doc>Returns the given values which can then be assigned to a variables.</doc>
<status status="PASS" start="2024-12-04T13:05:15.532291" elapsed="0.000657"/>
</kw>
<kw name="Wait Until Element Is Visible" owner="SeleniumLibrary">
<arg>${NomReglaP}</arg>
<doc>Waits until the element ``locator`` is visible.</doc>
<status status="PASS" start="2024-12-04T13:05:15.533352" elapsed="0.030208"/>
</kw>
<kw name="Input Text" owner="SeleniumLibrary">
<msg time="2024-12-04T13:05:15.563899" level="INFO">Typing text 'Lista numero: 983' into text field 'name'.</msg>
<arg>${NomReglaP}</arg>
<arg>${NomReglaRan}</arg>
<doc>Types the given ``text`` into the text field identified by ``locator``.</doc>
<status status="PASS" start="2024-12-04T13:05:15.563712" elapsed="0.157788"/>
</kw>
<kw name="Input Text" owner="SeleniumLibrary">
<msg time="2024-12-04T13:05:15.721927" level="INFO">Typing text 'Descripción de reglas auto' into text field 'description'.</msg>
<arg>${DescReglaP}</arg>
<arg>Descripción de reglas auto</arg>
<doc>Types the given ``text`` into the text field identified by ``locator``.</doc>
<status status="PASS" start="2024-12-04T13:05:15.721692" elapsed="0.163411"/>
</kw>
<kw name="Log To Console" owner="BuiltIn">
<arg>Ingresa a nueva regla</arg>
<doc>Logs the given message to the console.</doc>
<status status="PASS" start="2024-12-04T13:05:15.885273" elapsed="0.000163"/>
</kw>
<kw name="Sleep" owner="BuiltIn">
<msg time="2024-12-04T13:05:17.885910" level="INFO">Slept 2 seconds.</msg>
<arg>2s</arg>
<doc>Pauses the test executed for the given time.</doc>
<status status="PASS" start="2024-12-04T13:05:15.885531" elapsed="2.000597"/>
</kw>
<status status="PASS" start="2024-12-04T13:05:15.530635" elapsed="2.355692"/>
</kw>
<kw name="Seleccionar opcion Todas las condiciones" owner="keywordsreglasvelo">
<kw name="Click Element" owner="SeleniumLibrary">
<msg time="2024-12-04T13:05:17.888056" level="INFO">Clicking element 'xpath=//input[@value='allConditions']'.</msg>
<arg>${TodasLasCondi}</arg>
<doc>Click the element identified by ``locator``.</doc>
<status status="PASS" start="2024-12-04T13:05:17.887639" elapsed="0.074225"/>
</kw>
<status status="PASS" start="2024-12-04T13:05:17.886742" elapsed="0.075247"/>
</kw>
<kw name="Sleep" owner="BuiltIn">
<msg time="2024-12-04T13:05:19.962460" level="INFO">Slept 2 seconds.</msg>
<arg>2s</arg>
<doc>Pauses the test executed for the given time.</doc>
<status status="PASS" start="2024-12-04T13:05:17.962117" elapsed="2.000568"/>
</kw>
<kw name="Una condicion BIN Es igual a" owner="keywordsreglasvelo">
<kw name="Get Length" owner="BuiltIn">
<msg time="2024-12-04T13:05:19.964281" level="INFO">Length is 1.</msg>
<msg time="2024-12-04T13:05:19.964485" level="INFO">${length} = 1</msg>
<var>${length}</var>
<arg>${BINs}</arg>
<doc>Returns and logs the length of the given item as an integer.</doc>
<status status="PASS" start="2024-12-04T13:05:19.964008" elapsed="0.000543"/>
</kw>
<kw name="Log To Console" owner="BuiltIn">
<arg>${length}</arg>
<doc>Logs the given message to the console.</doc>
<status status="PASS" start="2024-12-04T13:05:19.964829" elapsed="0.000368"/>
</kw>
<for flavor="IN RANGE">
<iter>
<kw name="Set Variable" owner="BuiltIn">
<msg time="2024-12-04T13:05:19.966535" level="INFO">${bin} = 123456</msg>
<var>${bin}</var>
<arg>${BINs}[${index}]</arg>
<doc>Returns the given values which can then be assigned to a variables.</doc>
<status status="PASS" start="2024-12-04T13:05:19.966142" elapsed="0.000546"/>
</kw>
<kw name="Click Button" owner="SeleniumLibrary">
<msg time="2024-12-04T13:05:19.967303" level="INFO">Clicking button 'xpath=//button[text()='Nueva condición']'.</msg>
<arg>${NuevaCondiRPUna}</arg>
<doc>Clicks the button identified by ``locator``.</doc>
<status status="PASS" start="2024-12-04T13:05:19.966947" elapsed="0.092347"/>
</kw>
<kw name="Click Element" owner="SeleniumLibrary">
<msg time="2024-12-04T13:05:20.060071" level="INFO">Clicking element '(//div[contains(@class, 'MuiSelect-select')])[2]'.</msg>
<arg>${ListaProveedorP}</arg>
<doc>Click the element identified by ``locator``.</doc>
<status status="PASS" start="2024-12-04T13:05:20.059614" elapsed="0.061468"/>
</kw>
<kw name="Click Element" owner="SeleniumLibrary">
<msg time="2024-12-04T13:05:20.121625" level="INFO">Clicking element 'xpath=//li[contains(text(), 'TRANSACCION')]'.</msg>
<arg>${ElemenProveeTra}</arg>
<doc>Click the element identified by ``locator``.</doc>
<status status="PASS" start="2024-12-04T13:05:20.121354" elapsed="0.352082"/>
</kw>
<kw name="Click Element" owner="SeleniumLibrary">
<msg time="2024-12-04T13:05:20.473800" level="INFO">Clicking element '(//div[contains(@class, 'MuiSelect-select')])[3]'.</msg>
<arg>${ListaElemenTran}</arg>
<doc>Click the element identified by ``locator``.</doc>
<status status="PASS" start="2024-12-04T13:05:20.473608" elapsed="0.388459"/>
</kw>
<kw name="Set Variable" owner="BuiltIn">
<msg time="2024-12-04T13:05:20.862997" level="INFO">${ElementoTran} = //div[@class='MuiPaper-root MuiPaper-elevation MuiPaper-rounded MuiPaper-elevation8 MuiPopover-paper MuiMenu-paper MuiMenu-paper css-594a8l']//ul/li[contains(@class, 'MuiMenuItem-root')][5]</msg>
<var>${ElementoTran}</var>
<arg>//div[@class='MuiPaper-root MuiPaper-elevation MuiPaper-rounded MuiPaper-elevation8 MuiPopover-paper MuiMenu-paper MuiMenu-paper css-594a8l']//ul/li[contains(@class, 'MuiMenuItem-root')][${5}]</arg>
<doc>Returns the given values which can then be assigned to a variables.</doc>
<status status="PASS" start="2024-12-04T13:05:20.862352" elapsed="0.000671"/>
</kw>
<kw name="Click Element" owner="SeleniumLibrary">
<msg time="2024-12-04T13:05:20.863274" level="INFO">Clicking element '//div[@class='MuiPaper-root MuiPaper-elevation MuiPaper-rounded MuiPaper-elevation8 MuiPopover-paper MuiMenu-paper MuiMenu-paper css-594a8l']//ul/li[contains(@class, 'MuiMenuItem-root')][5]'.</msg>
<arg>${ElementoTran}</arg>
<doc>Click the element identified by ``locator``.</doc>
<status status="PASS" start="2024-12-04T13:05:20.863135" elapsed="0.473291"/>
</kw>
<kw name="Log To Console" owner="BuiltIn">
<arg>CLickear tipo de transaccion</arg>
<doc>Logs the given message to the console.</doc>
<status status="PASS" start="2024-12-04T13:05:21.336623" elapsed="0.000154"/>
</kw>
<kw name="Sleep" owner="BuiltIn">
<msg time="2024-12-04T13:05:23.337323" level="INFO">Slept 2 seconds.</msg>
<arg>2s</arg>
<doc>Pauses the test executed for the given time.</doc>
<status status="PASS" start="2024-12-04T13:05:21.336868" elapsed="2.000727"/>
</kw>
<kw name="Click Element" owner="SeleniumLibrary">
<msg time="2024-12-04T13:05:23.338536" level="INFO">Clicking element '(//div[contains(@class, 'MuiSelect-select')])[4]'.</msg>
<arg>${ListaCondi}</arg>
<doc>Click the element identified by ``locator``.</doc>
<status status="PASS" start="2024-12-04T13:05:23.337996" elapsed="0.070652"/>
</kw>
<kw name="Sleep" owner="BuiltIn">
<msg time="2024-12-04T13:05:25.409200" level="INFO">Slept 2 seconds.</msg>
<arg>2s</arg>
<doc>Pauses the test executed for the given time.</doc>
<status status="PASS" start="2024-12-04T13:05:23.408844" elapsed="2.000596"/>
</kw>
<kw name="Wait Until Element Is Enabled" owner="SeleniumLibrary">
<arg>${EsigualA}</arg>
<arg>6s</arg>
<doc>Waits until the element ``locator`` is enabled.</doc>
<status status="PASS" start="2024-12-04T13:05:25.409833" elapsed="0.033309"/>
</kw>
<kw name="Log To Console" owner="BuiltIn">
<arg>CLickear lista de condificones</arg>
<doc>Logs the given message to the console.</doc>
<status status="PASS" start="2024-12-04T13:05:25.443303" elapsed="0.000150"/>
</kw>
<kw name="Click Element" owner="SeleniumLibrary">
<msg time="2024-12-04T13:05:25.443693" level="INFO">Clicking element '//li[contains(text(), 'Es igual a')]'.</msg>
<arg>${EsigualA}</arg>
<doc>Click the element identified by ``locator``.</doc>
<status status="PASS" start="2024-12-04T13:05:25.443547" elapsed="0.063414"/>
</kw>
<kw name="Log To Console" owner="BuiltIn">
<arg>CLickear condificones</arg>
<doc>Logs the given message to the console.</doc>
<status status="PASS" start="2024-12-04T13:05:25.507161" elapsed="0.000197"/>
</kw>
<kw name="Sleep" owner="BuiltIn">
<msg time="2024-12-04T13:05:28.507813" level="INFO">Slept 3 seconds.</msg>
<arg>3s</arg>
<doc>Pauses the test executed for the given time.</doc>
<status status="PASS" start="2024-12-04T13:05:25.507513" elapsed="3.000554"/>
</kw>
<kw name="Input Text" owner="SeleniumLibrary">
<msg time="2024-12-04T13:05:28.508946" level="INFO">Typing text '123456' into text field 'valueToCompare'.</msg>
<arg>${Valoracomp}</arg>
<arg>${bin}</arg>
<doc>Types the given ``text`` into the text field identified by ``locator``.</doc>
<status status="PASS" start="2024-12-04T13:05:28.508454" elapsed="0.124158"/>
</kw>
<kw name="Click Button" owner="SeleniumLibrary">
<msg time="2024-12-04T13:05:28.633710" level="INFO">Clicking button 'xpath=//button[text()='Guardar condición']'.</msg>
<arg>${ButGuardarCondi}</arg>
<doc>Clicks the button identified by ``locator``.</doc>
<status status="PASS" start="2024-12-04T13:05:28.633015" elapsed="0.095000"/>
</kw>
<kw name="Wait Until Element Is Visible" owner="SeleniumLibrary">
<arg>${NuevaCondiRPUna}</arg>
<doc>Waits until the element ``locator`` is visible.</doc>
<status status="PASS" start="2024-12-04T13:05:28.728192" elapsed="0.013467"/>
</kw>
<var name="${index}">0</var>
<status status="PASS" start="2024-12-04T13:05:19.965920" elapsed="8.775810"/>
</iter>
<var>${index}</var>
<value>0</value>
<value>${length}</value>
<status status="PASS" start="2024-12-04T13:05:19.965339" elapsed="8.776436"/>
</for>
<kw name="Click Button" owner="SeleniumLibrary">
<msg time="2024-12-04T13:05:28.742091" level="INFO">Clicking button 'xpath=//button[text()='Guardar']'.</msg>
<arg>${GuardarReglas}</arg>
<doc>Clicks the button identified by ``locator``.</doc>
<status status="PASS" start="2024-12-04T13:05:28.741911" elapsed="0.052637"/>
</kw>
<status status="PASS" start="2024-12-04T13:05:19.963436" elapsed="8.831210"/>
</kw>
<status status="PASS" start="2024-12-04T13:05:06.438068" elapsed="22.356622"/>
</kw>
<kw name="Close Browser" owner="SeleniumLibrary">
<doc>Closes the current browser.</doc>
<status status="PASS" start="2024-12-04T13:05:28.794853" elapsed="0.063147"/>
</kw>
<status status="PASS" start="2024-12-04T13:05:06.437766" elapsed="22.420526"/>
</test>
<doc>Login ClaroScore</doc>
<status status="PASS" start="2024-12-04T13:05:06.433638" elapsed="22.424958"/>
</suite>
<suite id="s1-s4" name="CrearCDClienteT" source="/home/miguelangelhernandez/Documentos/Automatización/claroscoreV3/ClaroScore/Tests/TReglasduras/ReglasPersonalizadas/CreacionReglas/TodasCondiciones/CrearCDClienteT.robot">
<test id="s1-s4-t1" name="Prueba creación de regla Ciudad del cliente, Es igual a, todas las condiciones" line="5">
<kw name="Creación regla Ciudad Cliente, Es igual a, Todas las condiciones" owner="keywordsreglasvelo">
<kw name="Ingresar a Reglas Personalizadas" owner="keywordsreglasvelo">
<kw name="Desplegar menu Reglas Duras" owner="keywordsreglasduras">
<kw name="Login succesfull simple" owner="keywords_login">
<kw name="Open Browser" owner="SeleniumLibrary">
<msg time="2024-12-04T13:05:28.867175" level="INFO">Opening browser 'chrome' to base url 'https://alpha-admin.dev.t1score.com/'.</msg>
<arg>${URL}</arg>
<arg>${BROWSER}</arg>
<doc>Opens a new browser instance to the optional ``url``.</doc>
<status status="PASS" start="2024-12-04T13:05:28.867020" elapsed="1.018848"/>
</kw>
<kw name="Set Browser Implicit Wait" owner="SeleniumLibrary">
<arg>5</arg>
<doc>Sets the implicit wait value used by Selenium.</doc>
<status status="PASS" start="2024-12-04T13:05:29.886144" elapsed="0.000869"/>
</kw>
<kw name="Maximize Browser Window" owner="SeleniumLibrary">
<doc>Maximizes current browser window.</doc>
<status status="PASS" start="2024-12-04T13:05:29.887140" elapsed="0.014538"/>
</kw>
<kw name="Input Text" owner="SeleniumLibrary">
<msg time="2024-12-04T13:05:29.902955" level="INFO">Typing text 'victor@t1pagos.com' into text field 'username'.</msg>
<arg>username</arg>
<arg>${user}</arg>
<doc>Types the given ``text`` into the text field identified by ``locator``.</doc>
<status status="PASS" start="2024-12-04T13:05:29.902195" elapsed="0.754037"/>
</kw>
<kw name="Input Text" owner="SeleniumLibrary">
<msg time="2024-12-04T13:05:30.656599" level="INFO">Typing text '5sAZd-52q_c2' into text field 'password'.</msg>
<arg>password</arg>
<arg>${password}</arg>
<doc>Types the given ``text`` into the text field identified by ``locator``.</doc>
<status status="PASS" start="2024-12-04T13:05:30.656410" elapsed="0.059488"/>
</kw>
<kw name="Click Element" owner="SeleniumLibrary">
<msg time="2024-12-04T13:05:30.716248" level="INFO">Clicking element 'login'.</msg>
<arg>${btnIngresar}</arg>
<doc>Click the element identified by ``locator``.</doc>
<status status="PASS" start="2024-12-04T13:05:30.716064" elapsed="0.283876"/>
</kw>
<status status="PASS" start="2024-12-04T13:05:28.866841" elapsed="2.133315"/>
</kw>
<kw name="Click Element" owner="SeleniumLibrary">
<msg time="2024-12-04T13:05:31.000828" level="INFO">Clicking element 'xpath=//span[text()='Reglas duras']'.</msg>
<arg>${ButReglasDuras}</arg>
<doc>Click the element identified by ``locator``.</doc>
<status status="PASS" start="2024-12-04T13:05:31.000422" elapsed="1.618604"/>
</kw>
<kw name="Sleep" owner="BuiltIn">
<msg time="2024-12-04T13:05:34.619683" level="INFO">Slept 2 seconds.</msg>
<arg>2s</arg>
<doc>Pauses the test executed for the given time.</doc>
<status status="PASS" start="2024-12-04T13:05:32.619197" elapsed="2.000713"/>
</kw>
<status status="PASS" start="2024-12-04T13:05:28.866627" elapsed="5.753491"/>
</kw>
<kw name="Click Element" owner="SeleniumLibrary">
<msg time="2024-12-04T13:05:34.620911" level="INFO">Clicking element 'xpath=//span[text()='Reglas personalizadas']'.</msg>
<arg>${ButReglasPerso}</arg>
<doc>Click the element identified by ``locator``.</doc>
<status status="PASS" start="2024-12-04T13:05:34.620461" elapsed="0.072623"/>
</kw>
<status status="PASS" start="2024-12-04T13:05:28.866304" elapsed="5.826941"/>
</kw>
<kw name="Ingresar a formulario &quot;Nueva Regla&quot;" owner="keywordsreglasvelo">
<kw name="Click Element" owner="SeleniumLibrary">
<msg time="2024-12-04T13:05:34.694062" level="INFO">Clicking element 'xpath=/html/body/div[@id='__next']/div[@class='flex']/main[@class='w-full']/section[@class='p-10']/div[@class='flex items-center flex-col gap-4 md:justify-between md:flex-row']/div[@class='w-full md:basis-1/2']/div[@class='w-full flex md:justify-end']/button[contains(@class, 'MuiButtonBase-root') and contains(@class, 'MuiButton-outlinedPrimary')]'.</msg>
<arg>${ButNuevaRegla}</arg>
<doc>Click the element identified by ``locator``.</doc>
<status status="PASS" start="2024-12-04T13:05:34.693823" elapsed="0.186715"/>
</kw>
<kw name="Sleep" owner="BuiltIn">
<msg time="2024-12-04T13:05:37.881206" level="INFO">Slept 3 seconds.</msg>
<arg>3s</arg>
<doc>Pauses the test executed for the given time.</doc>
<status status="PASS" start="2024-12-04T13:05:34.880784" elapsed="3.000647"/>
</kw>
<status status="PASS" start="2024-12-04T13:05:34.693476" elapsed="3.188155"/>
</kw>
<kw name="Ingresar a formulario y completar los primeros datos" owner="keywordsreglasvelo">
<kw name="Evaluate" owner="BuiltIn">
<msg time="2024-12-04T13:05:37.901820" level="INFO">${numrandomR} = 393</msg>
<var>${numrandomR}</var>
<arg>random.randint(${MIN_NUMBER}, ${MAX_NUMBER})</arg>
<arg>random</arg>
<doc>Evaluates the given expression in Python and returns the result.</doc>
<status status="PASS" start="2024-12-04T13:05:37.882615" elapsed="0.019240"/>
</kw>
<kw name="Set Variable" owner="BuiltIn">
<msg time="2024-12-04T13:05:37.902165" level="INFO">${NomReglaRan} = Lista numero: 393</msg>
<var>${NomReglaRan}</var>
<arg>Lista numero: ${numrandomR}</arg>
<doc>Returns the given values which can then be assigned to a variables.</doc>
<status status="PASS" start="2024-12-04T13:05:37.902006" elapsed="0.000184"/>
</kw>
<kw name="Wait Until Element Is Visible" owner="SeleniumLibrary">
<arg>${NomReglaP}</arg>
<doc>Waits until the element ``locator`` is visible.</doc>
<status status="PASS" start="2024-12-04T13:05:37.902305" elapsed="0.026875"/>
</kw>
<kw name="Input Text" owner="SeleniumLibrary">
<msg time="2024-12-04T13:05:37.929847" level="INFO">Typing text 'Lista numero: 393' into text field 'name'.</msg>
<arg>${NomReglaP}</arg>
<arg>${NomReglaRan}</arg>
<doc>Types the given ``text`` into the text field identified by ``locator``.</doc>
<status status="PASS" start="2024-12-04T13:05:37.929484" elapsed="0.261564"/>
</kw>
<kw name="Input Text" owner="SeleniumLibrary">
<msg time="2024-12-04T13:05:38.191918" level="INFO">Typing text 'Descripción de reglas auto' into text field 'description'.</msg>
<arg>${DescReglaP}</arg>
<arg>Descripción de reglas auto</arg>
<doc>Types the given ``text`` into the text field identified by ``locator``.</doc>
<status status="PASS" start="2024-12-04T13:05:38.191530" elapsed="0.165685"/>
</kw>
<kw name="Log To Console" owner="BuiltIn">
<arg>Ingresa a nueva regla</arg>
<doc>Logs the given message to the console.</doc>
<status status="PASS" start="2024-12-04T13:05:38.357416" elapsed="0.000177"/>
</kw>
<kw name="Sleep" owner="BuiltIn">
<msg time="2024-12-04T13:05:40.358004" level="INFO">Slept 2 seconds.</msg>
<arg>2s</arg>
<doc>Pauses the test executed for the given time.</doc>
<status status="PASS" start="2024-12-04T13:05:38.357686" elapsed="2.000562"/>
</kw>
<status status="PASS" start="2024-12-04T13:05:37.882059" elapsed="2.476452"/>
</kw>
<kw name="Seleccionar opcion Todas las condiciones" owner="keywordsreglasvelo">
<kw name="Click Element" owner="SeleniumLibrary">
<msg time="2024-12-04T13:05:40.359991" level="INFO">Clicking element 'xpath=//input[@value='allConditions']'.</msg>
<arg>${TodasLasCondi}</arg>
<doc>Click the element identified by ``locator``.</doc>
<status status="PASS" start="2024-12-04T13:05:40.359559" elapsed="0.083085"/>
</kw>
<status status="PASS" start="2024-12-04T13:05:40.358918" elapsed="0.083881"/>
</kw>
<kw name="Sleep" owner="BuiltIn">
<msg time="2024-12-04T13:05:42.443335" level="INFO">Slept 2 seconds.</msg>
<arg>2s</arg>
<doc>Pauses the test executed for the given time.</doc>
<status status="PASS" start="2024-12-04T13:05:40.442948" elapsed="2.000657"/>
</kw>
<kw name="Una condicion CD del cliente Es igual a" owner="keywordsreglasvelo">
<kw name="Get Length" owner="BuiltIn">
<msg time="2024-12-04T13:05:42.445129" level="INFO">Length is 1.</msg>
<msg time="2024-12-04T13:05:42.445288" level="INFO">${length} = 1</msg>
<var>${length}</var>
<arg>${CiudadesClien}</arg>
<doc>Returns and logs the length of the given item as an integer.</doc>
<status status="PASS" start="2024-12-04T13:05:42.444846" elapsed="0.000493"/>
</kw>
<kw name="Log To Console" owner="BuiltIn">
<arg>${length}</arg>
<doc>Logs the given message to the console.</doc>
<status status="PASS" start="2024-12-04T13:05:42.445611" elapsed="0.000341"/>
</kw>
<for flavor="IN RANGE">
<iter>
<kw name="Set Variable" owner="BuiltIn">
<msg time="2024-12-04T13:05:42.447269" level="INFO">${ciudadClien} = Ciudad de México</msg>
<var>${ciudadClien}</var>
<arg>${CiudadesClien}[${index}]</arg>
<doc>Returns the given values which can then be assigned to a variables.</doc>
<status status="PASS" start="2024-12-04T13:05:42.446872" elapsed="0.000458"/>
</kw>
<kw name="Click Button" owner="SeleniumLibrary">
<msg time="2024-12-04T13:05:42.447965" level="INFO">Clicking button 'xpath=//button[text()='Nueva condición']'.</msg>
<arg>${NuevaCondiRPUna}</arg>
<doc>Clicks the button identified by ``locator``.</doc>
<status status="PASS" start="2024-12-04T13:05:42.447599" elapsed="0.083187"/>
</kw>
<kw name="Click Element" owner="SeleniumLibrary">
<msg time="2024-12-04T13:05:42.531596" level="INFO">Clicking element '(//div[contains(@class, 'MuiSelect-select')])[2]'.</msg>
<arg>${ListaProveedorP}</arg>
<doc>Click the element identified by ``locator``.</doc>
<status status="PASS" start="2024-12-04T13:05:42.531095" elapsed="0.061694"/>
</kw>
<kw name="Click Element" owner="SeleniumLibrary">
<msg time="2024-12-04T13:05:42.593193" level="INFO">Clicking element 'xpath=//li[contains(text(), 'TRANSACCION')]'.</msg>
<arg>${ElemenProveeTra}</arg>
<doc>Click the element identified by ``locator``.</doc>
<status status="PASS" start="2024-12-04T13:05:42.592993" elapsed="0.423210"/>
</kw>
<kw name="Click Element" owner="SeleniumLibrary">
<msg time="2024-12-04T13:05:43.016809" level="INFO">Clicking element '(//div[contains(@class, 'MuiSelect-select')])[3]'.</msg>
<arg>${ListaElemenTran}</arg>
<doc>Click the element identified by ``locator``.</doc>
<status status="PASS" start="2024-12-04T13:05:43.016483" elapsed="0.331309"/>
</kw>
<kw name="Set Variable" owner="BuiltIn">
<msg time="2024-12-04T13:05:43.348900" level="INFO">${ElementoTran} = //div[@class='MuiPaper-root MuiPaper-elevation MuiPaper-rounded MuiPaper-elevation8 MuiPopover-paper MuiMenu-paper MuiMenu-paper css-594a8l']//ul/li[contains(@class, 'MuiMenuItem-root')][9]</msg>
<var>${ElementoTran}</var>
<arg>//div[@class='MuiPaper-root MuiPaper-elevation MuiPaper-rounded MuiPaper-elevation8 MuiPopover-paper MuiMenu-paper MuiMenu-paper css-594a8l']//ul/li[contains(@class, 'MuiMenuItem-root')][${9}]</arg>
<doc>Returns the given values which can then be assigned to a variables.</doc>
<status status="PASS" start="2024-12-04T13:05:43.348110" elapsed="0.000837"/>
</kw>
<kw name="Click Element" owner="SeleniumLibrary">
<msg time="2024-12-04T13:05:43.349300" level="INFO">Clicking element '//div[@class='MuiPaper-root MuiPaper-elevation MuiPaper-rounded MuiPaper-elevation8 MuiPopover-paper MuiMenu-paper MuiMenu-paper css-594a8l']//ul/li[contains(@class, 'MuiMenuItem-root')][9]'.</msg>
<arg>${ElementoTran}</arg>
<doc>Click the element identified by ``locator``.</doc>
<status status="PASS" start="2024-12-04T13:05:43.349119" elapsed="0.497165"/>
</kw>
<kw name="Log To Console" owner="BuiltIn">
<arg>CLickear tipo de transaccion</arg>
<doc>Logs the given message to the console.</doc>
<status status="PASS" start="2024-12-04T13:05:43.846484" elapsed="0.000162"/>
</kw>
<kw name="Sleep" owner="BuiltIn">
<msg time="2024-12-04T13:05:45.847033" level="INFO">Slept 2 seconds.</msg>
<arg>2s</arg>
<doc>Pauses the test executed for the given time.</doc>
<status status="PASS" start="2024-12-04T13:05:43.846757" elapsed="2.000483"/>
</kw>
<kw name="Click Element" owner="SeleniumLibrary">
<msg time="2024-12-04T13:05:45.848102" level="INFO">Clicking element '(//div[contains(@class, 'MuiSelect-select')])[4]'.</msg>
<arg>${ListaCondi}</arg>
<doc>Click the element identified by ``locator``.</doc>
<status status="PASS" start="2024-12-04T13:05:45.847645" elapsed="0.075140"/>
</kw>
<kw name="Sleep" owner="BuiltIn">
<msg time="2024-12-04T13:05:47.923639" level="INFO">Slept 2 seconds.</msg>
<arg>2s</arg>
<doc>Pauses the test executed for the given time.</doc>
<status status="PASS" start="2024-12-04T13:05:45.923177" elapsed="2.000677"/>
</kw>
<kw name="Wait Until Element Is Enabled" owner="SeleniumLibrary">
<arg>${EsigualA}</arg>
<arg>6s</arg>
<doc>Waits until the element ``locator`` is enabled.</doc>
<status status="PASS" start="2024-12-04T13:05:47.924226" elapsed="0.037607"/>
</kw>
<kw name="Log To Console" owner="BuiltIn">
<arg>CLickear lista de condificones</arg>
<doc>Logs the given message to the console.</doc>
<status status="PASS" start="2024-12-04T13:05:47.961994" elapsed="0.000134"/>
</kw>
<kw name="Click Element" owner="SeleniumLibrary">
<msg time="2024-12-04T13:05:47.962377" level="INFO">Clicking element '//li[contains(text(), 'Es igual a')]'.</msg>
<arg>${EsigualA}</arg>
<doc>Click the element identified by ``locator``.</doc>
<status status="PASS" start="2024-12-04T13:05:47.962220" elapsed="0.059698"/>
</kw>
<kw name="Log To Console" owner="BuiltIn">
<arg>CLickear condificones</arg>
<doc>Logs the given message to the console.</doc>
<status status="PASS" start="2024-12-04T13:05:48.022127" elapsed="0.000190"/>
</kw>
<kw name="Sleep" owner="BuiltIn">
<msg time="2024-12-04T13:05:51.022857" level="INFO">Slept 3 seconds.</msg>
<arg>3s</arg>
<doc>Pauses the test executed for the given time.</doc>
<status status="PASS" start="2024-12-04T13:05:48.022458" elapsed="3.000614"/>
</kw>
<kw name="Input Text" owner="SeleniumLibrary">
<msg time="2024-12-04T13:05:51.023977" level="INFO">Typing text 'Ciudad de México' into text field 'valueToCompare'.</msg>
<arg>${Valoracomp}</arg>
<arg>${ciudadClien}</arg>
<doc>Types the given ``text`` into the text field identified by ``locator``.</doc>
<status status="PASS" start="2024-12-04T13:05:51.023473" elapsed="0.209465"/>
</kw>
<kw name="Click Button" owner="SeleniumLibrary">
<msg time="2024-12-04T13:05:51.233735" level="INFO">Clicking button 'xpath=//button[text()='Guardar condición']'.</msg>
<arg>${ButGuardarCondi}</arg>
<doc>Clicks the button identified by ``locator``.</doc>
<status status="PASS" start="2024-12-04T13:05:51.233402" elapsed="0.089493"/>
</kw>
<kw name="Wait Until Element Is Visible" owner="SeleniumLibrary">
<arg>${NuevaCondiRPUna}</arg>
<doc>Waits until the element ``locator`` is visible.</doc>
<status status="PASS" start="2024-12-04T13:05:51.323067" elapsed="0.011766"/>
</kw>
<var name="${index}">0</var>
<status status="PASS" start="2024-12-04T13:05:42.446642" elapsed="8.888262"/>
</iter>
<var>${index}</var>
<value>0</value>
<value>${length}</value>
<status status="PASS" start="2024-12-04T13:05:42.446096" elapsed="8.888857"/>
</for>
<kw name="Click Button" owner="SeleniumLibrary">
<msg time="2024-12-04T13:05:51.335272" level="INFO">Clicking button 'xpath=//button[text()='Guardar']'.</msg>
<arg>${GuardarReglas}</arg>
<doc>Clicks the button identified by ``locator``.</doc>
<status status="PASS" start="2024-12-04T13:05:51.335090" elapsed="0.054650"/>
</kw>
<status status="PASS" start="2024-12-04T13:05:42.444263" elapsed="8.945582"/>
</kw>
<status status="PASS" start="2024-12-04T13:05:28.865685" elapsed="22.524209"/>
</kw>
<kw name="Close Browser" owner="SeleniumLibrary">
<doc>Closes the current browser.</doc>
<status status="PASS" start="2024-12-04T13:05:51.390116" elapsed="0.064914"/>
</kw>
<status status="PASS" start="2024-12-04T13:05:28.864651" elapsed="22.590641"/>
</test>
<doc>Login ClaroScore</doc>
<status status="PASS" start="2024-12-04T13:05:28.859167" elapsed="22.596423"/>
</suite>
<suite id="s1-s5" name="CrearcdEnvioT" source="/home/miguelangelhernandez/Documentos/Automatización/claroscoreV3/ClaroScore/Tests/TReglasduras/ReglasPersonalizadas/CreacionReglas/TodasCondiciones/CrearcdEnvioT.robot">
<test id="s1-s5-t1" name="Prueba creación de regla Ciudad de envio, Es igual a, todas las condiciones" line="5">
<kw name="Creación regla Ciudad de envio, Es igual a, Todas las condiciones" owner="keywordsreglasvelo">
<kw name="Ingresar a Reglas Personalizadas" owner="keywordsreglasvelo">
<kw name="Desplegar menu Reglas Duras" owner="keywordsreglasduras">
<kw name="Login succesfull simple" owner="keywords_login">
<kw name="Open Browser" owner="SeleniumLibrary">
<msg time="2024-12-04T13:05:51.463511" level="INFO">Opening browser 'chrome' to base url 'https://alpha-admin.dev.t1score.com/'.</msg>
<arg>${URL}</arg>
<arg>${BROWSER}</arg>
<doc>Opens a new browser instance to the optional ``url``.</doc>
<status status="PASS" start="2024-12-04T13:05:51.463295" elapsed="1.115130"/>
</kw>
<kw name="Set Browser Implicit Wait" owner="SeleniumLibrary">
<arg>5</arg>
<doc>Sets the implicit wait value used by Selenium.</doc>
<status status="PASS" start="2024-12-04T13:05:52.578675" elapsed="0.001494"/>
</kw>
<kw name="Maximize Browser Window" owner="SeleniumLibrary">
<doc>Maximizes current browser window.</doc>
<status status="PASS" start="2024-12-04T13:05:52.580381" elapsed="0.037136"/>
</kw>
<kw name="Input Text" owner="SeleniumLibrary">
<msg time="2024-12-04T13:05:52.618498" level="INFO">Typing text 'victor@t1pagos.com' into text field 'username'.</msg>
<arg>username</arg>
<arg>${user}</arg>
<doc>Types the given ``text`` into the text field identified by ``locator``.</doc>
<status status="PASS" start="2024-12-04T13:05:52.617938" elapsed="1.118726"/>
</kw>
<kw name="Input Text" owner="SeleniumLibrary">
<msg time="2024-12-04T13:05:53.737047" level="INFO">Typing text '5sAZd-52q_c2' into text field 'password'.</msg>
<arg>password</arg>
<arg>${password}</arg>
<doc>Types the given ``text`` into the text field identified by ``locator``.</doc>
<status status="PASS" start="2024-12-04T13:05:53.736830" elapsed="0.050889"/>
</kw>
<kw name="Click Element" owner="SeleniumLibrary">
<msg time="2024-12-04T13:05:53.788134" level="INFO">Clicking element 'login'.</msg>
<arg>${btnIngresar}</arg>
<doc>Click the element identified by ``locator``.</doc>
<status status="PASS" start="2024-12-04T13:05:53.787903" elapsed="0.380612"/>
</kw>
<status status="PASS" start="2024-12-04T13:05:51.463129" elapsed="2.705516"/>
</kw>
<kw name="Click Element" owner="SeleniumLibrary">
<msg time="2024-12-04T13:05:54.169068" level="INFO">Clicking element 'xpath=//span[text()='Reglas duras']'.</msg>
<arg>${ButReglasDuras}</arg>
<doc>Click the element identified by ``locator``.</doc>
<status status="PASS" start="2024-12-04T13:05:54.168831" elapsed="1.516953"/>
</kw>
<kw name="Sleep" owner="BuiltIn">
<msg time="2024-12-04T13:05:57.686310" level="INFO">Slept 2 seconds.</msg>
<arg>2s</arg>
<doc>Pauses the test executed for the given time.</doc>
<status status="PASS" start="2024-12-04T13:05:55.685948" elapsed="2.000603"/>
</kw>
<status status="PASS" start="2024-12-04T13:05:51.462963" elapsed="6.223802"/>
</kw>
<kw name="Click Element" owner="SeleniumLibrary">
<msg time="2024-12-04T13:05:57.687558" level="INFO">Clicking element 'xpath=//span[text()='Reglas personalizadas']'.</msg>
<arg>${ButReglasPerso}</arg>
<doc>Click the element identified by ``locator``.</doc>
<status status="PASS" start="2024-12-04T13:05:57.687081" elapsed="0.070098"/>
</kw>
<status status="PASS" start="2024-12-04T13:05:51.462795" elapsed="6.294511"/>
</kw>
<kw name="Ingresar a formulario &quot;Nueva Regla&quot;" owner="keywordsreglasvelo">
<kw name="Click Element" owner="SeleniumLibrary">
<msg time="2024-12-04T13:05:57.757855" level="INFO">Clicking element 'xpath=/html/body/div[@id='__next']/div[@class='flex']/main[@class='w-full']/section[@class='p-10']/div[@class='flex items-center flex-col gap-4 md:justify-between md:flex-row']/div[@class='w-full md:basis-1/2']/div[@class='w-full flex md:justify-end']/button[contains(@class, 'MuiButtonBase-root') and contains(@class, 'MuiButton-outlinedPrimary')]'.</msg>
<arg>${ButNuevaRegla}</arg>
<doc>Click the element identified by ``locator``.</doc>
<status status="PASS" start="2024-12-04T13:05:57.757697" elapsed="0.205085"/>
</kw>
<kw name="Sleep" owner="BuiltIn">
<msg time="2024-12-04T13:06:00.963317" level="INFO">Slept 3 seconds.</msg>
<arg>3s</arg>
<doc>Pauses the test executed for the given time.</doc>
<status status="PASS" start="2024-12-04T13:05:57.962951" elapsed="3.000632"/>
</kw>
<status status="PASS" start="2024-12-04T13:05:57.757473" elapsed="3.206337"/>
</kw>
<kw name="Ingresar a formulario y completar los primeros datos" owner="keywordsreglasvelo">
<kw name="Evaluate" owner="BuiltIn">
<msg time="2024-12-04T13:06:00.965585" level="INFO">${numrandomR} = 705</msg>
<var>${numrandomR}</var>
<arg>random.randint(${MIN_NUMBER}, ${MAX_NUMBER})</arg>
<arg>random</arg>
<doc>Evaluates the given expression in Python and returns the result.</doc>
<status status="PASS" start="2024-12-04T13:06:00.964900" elapsed="0.000746"/>
</kw>
<kw name="Set Variable" owner="BuiltIn">
<msg time="2024-12-04T13:06:00.966227" level="INFO">${NomReglaRan} = Lista numero: 705</msg>
<var>${NomReglaRan}</var>
<arg>Lista numero: ${numrandomR}</arg>
<doc>Returns the given values which can then be assigned to a variables.</doc>
<status status="PASS" start="2024-12-04T13:06:00.965907" elapsed="0.000374"/>
</kw>
<kw name="Wait Until Element Is Visible" owner="SeleniumLibrary">
<arg>${NomReglaP}</arg>
<doc>Waits until the element ``locator`` is visible.</doc>
<status status="PASS" start="2024-12-04T13:06:00.966543" elapsed="0.043181"/>
</kw>
<kw name="Input Text" owner="SeleniumLibrary">
<msg time="2024-12-04T13:06:01.010536" level="INFO">Typing text 'Lista numero: 705' into text field 'name'.</msg>
<arg>${NomReglaP}</arg>
<arg>${NomReglaRan}</arg>
<doc>Types the given ``text`` into the text field identified by ``locator``.</doc>
<status status="PASS" start="2024-12-04T13:06:01.010035" elapsed="0.184761"/>
</kw>
<kw name="Input Text" owner="SeleniumLibrary">
<msg time="2024-12-04T13:06:01.198028" level="INFO">Typing text 'Descripción de reglas auto' into text field 'description'.</msg>
<arg>${DescReglaP}</arg>
<arg>Descripción de reglas auto</arg>
<doc>Types the given ``text`` into the text field identified by ``locator``.</doc>
<status status="PASS" start="2024-12-04T13:06:01.197066" elapsed="0.165161"/>
</kw>
<kw name="Log To Console" owner="BuiltIn">
<arg>Ingresa a nueva regla</arg>
<doc>Logs the given message to the console.</doc>
<status status="PASS" start="2024-12-04T13:06:01.362465" elapsed="0.000221"/>
</kw>
<kw name="Sleep" owner="BuiltIn">
<msg time="2024-12-04T13:06:03.363235" level="INFO">Slept 2 seconds.</msg>
<arg>2s</arg>
<doc>Pauses the test executed for the given time.</doc>
<status status="PASS" start="2024-12-04T13:06:01.362796" elapsed="2.000836"/>
</kw>
<status status="PASS" start="2024-12-04T13:06:00.964281" elapsed="2.399571"/>
</kw>
<kw name="Seleccionar opcion Todas las condiciones" owner="keywordsreglasvelo">
<kw name="Click Element" owner="SeleniumLibrary">
<msg time="2024-12-04T13:06:03.365619" level="INFO">Clicking element 'xpath=//input[@value='allConditions']'.</msg>
<arg>${TodasLasCondi}</arg>
<doc>Click the element identified by ``locator``.</doc>
<status status="PASS" start="2024-12-04T13:06:03.364892" elapsed="0.104832"/>
</kw>
<status status="PASS" start="2024-12-04T13:06:03.364288" elapsed="0.105605"/>
</kw>
<kw name="Sleep" owner="BuiltIn">
<msg time="2024-12-04T13:06:05.470609" level="INFO">Slept 2 seconds.</msg>
<arg>2s</arg>
<doc>Pauses the test executed for the given time.</doc>
<status status="PASS" start="2024-12-04T13:06:03.470097" elapsed="2.000770"/>
</kw>
<kw name="Una condicion cd de envio Es igual a" owner="keywordsreglasvelo">
<kw name="Get Length" owner="BuiltIn">
<msg time="2024-12-04T13:06:05.472513" level="INFO">Length is 1.</msg>
<msg time="2024-12-04T13:06:05.472668" level="INFO">${length} = 1</msg>
<var>${length}</var>
<arg>${CiudadEnvio}</arg>
<doc>Returns and logs the length of the given item as an integer.</doc>
<status status="PASS" start="2024-12-04T13:06:05.472217" elapsed="0.000521"/>
</kw>
<kw name="Log To Console" owner="BuiltIn">
<arg>${length}</arg>
<doc>Logs the given message to the console.</doc>
<status status="PASS" start="2024-12-04T13:06:05.473017" elapsed="0.000341"/>
</kw>
<for flavor="IN RANGE">
<iter>
<kw name="Set Variable" owner="BuiltIn">
<msg time="2024-12-04T13:06:05.474614" level="INFO">${cdenvio} = Ciudad de México</msg>
<var>${cdenvio}</var>
<arg>${CiudadEnvio}[${index}]</arg>
<doc>Returns the given values which can then be assigned to a variables.</doc>
<status status="PASS" start="2024-12-04T13:06:05.474239" elapsed="0.000431"/>
</kw>
<kw name="Click Button" owner="SeleniumLibrary">
<msg time="2024-12-04T13:06:05.475251" level="INFO">Clicking button 'xpath=//button[text()='Nueva condición']'.</msg>
<arg>${NuevaCondiRPUna}</arg>
<doc>Clicks the button identified by ``locator``.</doc>
<status status="PASS" start="2024-12-04T13:06:05.474911" elapsed="0.090703"/>
</kw>
<kw name="Click Element" owner="SeleniumLibrary">
<msg time="2024-12-04T13:06:05.566147" level="INFO">Clicking element '(//div[contains(@class, 'MuiSelect-select')])[2]'.</msg>
<arg>${ListaProveedorP}</arg>
<doc>Click the element identified by ``locator``.</doc>
<status status="PASS" start="2024-12-04T13:06:05.565888" elapsed="0.059125"/>
</kw>
<kw name="Click Element" owner="SeleniumLibrary">
<msg time="2024-12-04T13:06:05.626170" level="INFO">Clicking element 'xpath=//li[contains(text(), 'TRANSACCION')]'.</msg>
<arg>${ElemenProveeTra}</arg>
<doc>Click the element identified by ``locator``.</doc>
<status status="PASS" start="2024-12-04T13:06:05.625299" elapsed="0.512706"/>
</kw>
<kw name="Click Element" owner="SeleniumLibrary">
<msg time="2024-12-04T13:06:06.138648" level="INFO">Clicking element '(//div[contains(@class, 'MuiSelect-select')])[3]'.</msg>
<arg>${ListaElemenTran}</arg>
<doc>Click the element identified by ``locator``.</doc>
<status status="PASS" start="2024-12-04T13:06:06.138294" elapsed="0.343019"/>
</kw>
<kw name="Set Variable" owner="BuiltIn">
<msg time="2024-12-04T13:06:06.482057" level="INFO">${ElementoTran} = //div[@class='MuiPaper-root MuiPaper-elevation MuiPaper-rounded MuiPaper-elevation8 MuiPopover-paper MuiMenu-paper MuiMenu-paper css-594a8l']//ul/li[contains(@class, 'MuiMenuItem-root')][14]</msg>
<var>${ElementoTran}</var>
<arg>//div[@class='MuiPaper-root MuiPaper-elevation MuiPaper-rounded MuiPaper-elevation8 MuiPopover-paper MuiMenu-paper MuiMenu-paper css-594a8l']//ul/li[contains(@class, 'MuiMenuItem-root')][${14}]</arg>
<doc>Returns the given values which can then be assigned to a variables.</doc>
<status status="PASS" start="2024-12-04T13:06:06.481509" elapsed="0.000576"/>
</kw>
<kw name="Click Element" owner="SeleniumLibrary">
<msg time="2024-12-04T13:06:06.482374" level="INFO">Clicking element '//div[@class='MuiPaper-root MuiPaper-elevation MuiPaper-rounded MuiPaper-elevation8 MuiPopover-paper MuiMenu-paper MuiMenu-paper css-594a8l']//ul/li[contains(@class, 'MuiMenuItem-root')][14]'.</msg>
<arg>${ElementoTran}</arg>
<doc>Click the element identified by ``locator``.</doc>
<status status="PASS" start="2024-12-04T13:06:06.482210" elapsed="0.506721"/>
</kw>
<kw name="Log To Console" owner="BuiltIn">
<arg>CLickear tipo de transaccion</arg>
<doc>Logs the given message to the console.</doc>
<status status="PASS" start="2024-12-04T13:06:06.989102" elapsed="0.000148"/>
</kw>
<kw name="Sleep" owner="BuiltIn">
<msg time="2024-12-04T13:06:08.989777" level="INFO">Slept 2 seconds.</msg>
<arg>2s</arg>
<doc>Pauses the test executed for the given time.</doc>
<status status="PASS" start="2024-12-04T13:06:06.989336" elapsed="2.000657"/>
</kw>
<kw name="Click Element" owner="SeleniumLibrary">
<msg time="2024-12-04T13:06:08.990898" level="INFO">Clicking element '(//div[contains(@class, 'MuiSelect-select')])[4]'.</msg>
<arg>${ListaCondi}</arg>
<doc>Click the element identified by ``locator``.</doc>
<status status="PASS" start="2024-12-04T13:06:08.990385" elapsed="0.082827"/>
</kw>
<kw name="Sleep" owner="BuiltIn">
<msg time="2024-12-04T13:06:11.073722" level="INFO">Slept 2 seconds.</msg>
<arg>2s</arg>
<doc>Pauses the test executed for the given time.</doc>
<status status="PASS" start="2024-12-04T13:06:09.073393" elapsed="2.000550"/>
</kw>
<kw name="Wait Until Element Is Enabled" owner="SeleniumLibrary">
<arg>${EsigualA}</arg>
<arg>6s</arg>
<doc>Waits until the element ``locator`` is enabled.</doc>
<status status="PASS" start="2024-12-04T13:06:11.074322" elapsed="0.034327"/>
</kw>
<kw name="Log To Console" owner="BuiltIn">
<arg>CLickear lista de condificones</arg>
<doc>Logs the given message to the console.</doc>
<status status="PASS" start="2024-12-04T13:06:11.108811" elapsed="0.000141"/>
</kw>
<kw name="Click Element" owner="SeleniumLibrary">
<msg time="2024-12-04T13:06:11.109236" level="INFO">Clicking element '//li[contains(text(), 'Es igual a')]'.</msg>
<arg>${EsigualA}</arg>
<doc>Click the element identified by ``locator``.</doc>
<status status="PASS" start="2024-12-04T13:06:11.109079" elapsed="0.061165"/>
</kw>
<kw name="Log To Console" owner="BuiltIn">
<arg>CLickear condificones</arg>
<doc>Logs the given message to the console.</doc>
<status status="PASS" start="2024-12-04T13:06:11.170432" elapsed="0.000151"/>
</kw>
<kw name="Sleep" owner="BuiltIn">
<msg time="2024-12-04T13:06:14.171092" level="INFO">Slept 3 seconds.</msg>
<arg>3s</arg>
<doc>Pauses the test executed for the given time.</doc>
<status status="PASS" start="2024-12-04T13:06:11.170674" elapsed="3.000629"/>
</kw>
<kw name="Input Text" owner="SeleniumLibrary">
<msg time="2024-12-04T13:06:14.172231" level="INFO">Typing text 'Ciudad de México' into text field 'valueToCompare'.</msg>
<arg>${Valoracomp}</arg>
<arg>${cdenvio}</arg>
<doc>Types the given ``text`` into the text field identified by ``locator``.</doc>
<status status="PASS" start="2024-12-04T13:06:14.171721" elapsed="0.215460"/>
</kw>
<kw name="Click Button" owner="SeleniumLibrary">
<msg time="2024-12-04T13:06:14.387685" level="INFO">Clicking button 'xpath=//button[text()='Guardar condición']'.</msg>
<arg>${ButGuardarCondi}</arg>
<doc>Clicks the button identified by ``locator``.</doc>
<status status="PASS" start="2024-12-04T13:06:14.387434" elapsed="0.090271"/>
</kw>
<kw name="Wait Until Element Is Visible" owner="SeleniumLibrary">
<arg>${NuevaCondiRPUna}</arg>
<doc>Waits until the element ``locator`` is visible.</doc>
<status status="PASS" start="2024-12-04T13:06:14.477884" elapsed="0.013255"/>
</kw>
<var name="${index}">0</var>
<status status="PASS" start="2024-12-04T13:06:05.474024" elapsed="9.017186"/>
</iter>
<var>${index}</var>
<value>0</value>
<value>${length}</value>
<status status="PASS" start="2024-12-04T13:06:05.473514" elapsed="9.017742"/>
</for>
<kw name="Click Button" owner="SeleniumLibrary">
<msg time="2024-12-04T13:06:14.491590" level="INFO">Clicking button 'xpath=//button[text()='Guardar']'.</msg>
<arg>${GuardarReglas}</arg>
<doc>Clicks the button identified by ``locator``.</doc>
<status status="PASS" start="2024-12-04T13:06:14.491400" elapsed="0.054523"/>
</kw>
<status status="PASS" start="2024-12-04T13:06:05.471597" elapsed="9.074424"/>
</kw>
<status status="PASS" start="2024-12-04T13:05:51.462578" elapsed="23.083492"/>
</kw>
[...]
</kw>
<status status="PASS" start="2024-12-04T13:11:49.611949" elapsed="27.448228"/>
</kw>
<kw name="Close Browser" owner="SeleniumLibrary">
<doc>Closes the current browser.</doc>
<status status="PASS" start="2024-12-04T13:12:17.060343" elapsed="0.060194"/>
</kw>
<status status="PASS" start="2024-12-04T13:11:49.611493" elapsed="27.509237"/>
</test>
<doc>Login ClaroScore</doc>
<status status="PASS" start="2024-12-04T13:11:49.606687" elapsed="27.514498"/>
</suite>
<suite id="s1-s20" name="CrearTokenTarjetaT" source="/home/miguelangelhernandez/Documentos/Automatización/claroscoreV3/ClaroScore/Tests/TReglasduras/ReglasPersonalizadas/CreacionReglas/TodasCondiciones/CrearTokenTarjetaT.robot">
<test id="s1-s20-t1" name="Prueba creación de regla TOken tarjeta, Es igual a, todas las condiciones" line="5">
<kw name="Creación regla Token de tarjeta, Es igual a, Todas condiciones" owner="keywordsreglasvelo">
<kw name="Ingresar a Reglas Personalizadas" owner="keywordsreglasvelo">
<kw name="Desplegar menu Reglas Duras" owner="keywordsreglasduras">
<kw name="Login succesfull simple" owner="keywords_login">
<kw name="Open Browser" owner="SeleniumLibrary">
<msg time="2024-12-04T13:12:17.126771" level="INFO">Opening browser 'chrome' to base url 'https://alpha-admin.dev.t1score.com/'.</msg>
<arg>${URL}</arg>
<arg>${BROWSER}</arg>
<doc>Opens a new browser instance to the optional ``url``.</doc>
<status status="PASS" start="2024-12-04T13:12:17.126477" elapsed="1.032010"/>
</kw>
<kw name="Set Browser Implicit Wait" owner="SeleniumLibrary">
<arg>5</arg>
<doc>Sets the implicit wait value used by Selenium.</doc>
<status status="PASS" start="2024-12-04T13:12:18.158654" elapsed="0.000862"/>
</kw>
<kw name="Maximize Browser Window" owner="SeleniumLibrary">
<doc>Maximizes current browser window.</doc>
<status status="PASS" start="2024-12-04T13:12:18.159648" elapsed="0.029339"/>
</kw>
<kw name="Input Text" owner="SeleniumLibrary">
<msg time="2024-12-04T13:12:18.189347" level="INFO">Typing text 'victor@t1pagos.com' into text field 'username'.</msg>
<arg>username</arg>
<arg>${user}</arg>
<doc>Types the given ``text`` into the text field identified by ``locator``.</doc>
<status status="PASS" start="2024-12-04T13:12:18.189147" elapsed="0.756045"/>
</kw>
<kw name="Input Text" owner="SeleniumLibrary">
<msg time="2024-12-04T13:12:18.945686" level="INFO">Typing text '5sAZd-52q_c2' into text field 'password'.</msg>
<arg>password</arg>
<arg>${password}</arg>
<doc>Types the given ``text`` into the text field identified by ``locator``.</doc>
<status status="PASS" start="2024-12-04T13:12:18.945415" elapsed="0.056565"/>
</kw>
<kw name="Click Element" owner="SeleniumLibrary">
<msg time="2024-12-04T13:12:19.002430" level="INFO">Clicking element 'login'.</msg>
<arg>${btnIngresar}</arg>
<doc>Click the element identified by ``locator``.</doc>
<status status="PASS" start="2024-12-04T13:12:19.002184" elapsed="0.422949"/>
</kw>
<status status="PASS" start="2024-12-04T13:12:17.126319" elapsed="2.298992"/>
</kw>
<kw name="Click Element" owner="SeleniumLibrary">
<msg time="2024-12-04T13:12:19.426503" level="INFO">Clicking element 'xpath=//span[text()='Reglas duras']'.</msg>
<arg>${ButReglasDuras}</arg>
<doc>Click the element identified by ``locator``.</doc>
<status status="PASS" start="2024-12-04T13:12:19.425905" elapsed="1.782934"/>
</kw>
<kw name="Sleep" owner="BuiltIn">
<msg time="2024-12-04T13:12:23.209507" level="INFO">Slept 2 seconds.</msg>
<arg>2s</arg>
<doc>Pauses the test executed for the given time.</doc>
<status status="PASS" start="2024-12-04T13:12:21.209000" elapsed="2.000733"/>
</kw>
<status status="PASS" start="2024-12-04T13:12:17.126169" elapsed="6.083781"/>
</kw>
<kw name="Click Element" owner="SeleniumLibrary">
<msg time="2024-12-04T13:12:23.210731" level="INFO">Clicking element 'xpath=//span[text()='Reglas personalizadas']'.</msg>
<arg>${ButReglasPerso}</arg>
<doc>Click the element identified by ``locator``.</doc>
<status status="PASS" start="2024-12-04T13:12:23.210264" elapsed="0.074921"/>
</kw>
<status status="PASS" start="2024-12-04T13:12:17.126016" elapsed="6.159275"/>
</kw>
<kw name="Ingresar a formulario &quot;Nueva Regla&quot;" owner="keywordsreglasvelo">
<kw name="Click Element" owner="SeleniumLibrary">
<msg time="2024-12-04T13:12:23.286039" level="INFO">Clicking element 'xpath=/html/body/div[@id='__next']/div[@class='flex']/main[@class='w-full']/section[@class='p-10']/div[@class='flex items-center flex-col gap-4 md:justify-between md:flex-row']/div[@class='w-full md:basis-1/2']/div[@class='w-full flex md:justify-end']/button[contains(@class, 'MuiButtonBase-root') and contains(@class, 'MuiButton-outlinedPrimary')]'.</msg>
<arg>${ButNuevaRegla}</arg>
<doc>Click the element identified by ``locator``.</doc>
<status status="PASS" start="2024-12-04T13:12:23.285719" elapsed="0.149873"/>
</kw>
<kw name="Sleep" owner="BuiltIn">
<msg time="2024-12-04T13:12:26.436177" level="INFO">Slept 3 seconds.</msg>
<arg>3s</arg>
<doc>Pauses the test executed for the given time.</doc>
<status status="PASS" start="2024-12-04T13:12:23.435776" elapsed="3.000666"/>
</kw>
<status status="PASS" start="2024-12-04T13:12:23.285462" elapsed="3.151206"/>
</kw>
<kw name="Ingresar a formulario y completar los primeros datos" owner="keywordsreglasvelo">
<kw name="Evaluate" owner="BuiltIn">
<msg time="2024-12-04T13:12:26.438429" level="INFO">${numrandomR} = 299</msg>
<var>${numrandomR}</var>
<arg>random.randint(${MIN_NUMBER}, ${MAX_NUMBER})</arg>
<arg>random</arg>
<doc>Evaluates the given expression in Python and returns the result.</doc>
<status status="PASS" start="2024-12-04T13:12:26.437748" elapsed="0.000749"/>
</kw>
<kw name="Set Variable" owner="BuiltIn">
<msg time="2024-12-04T13:12:26.439122" level="INFO">${NomReglaRan} = Lista numero: 299</msg>
<var>${NomReglaRan}</var>
<arg>Lista numero: ${numrandomR}</arg>
<doc>Returns the given values which can then be assigned to a variables.</doc>
<status status="PASS" start="2024-12-04T13:12:26.438770" elapsed="0.000411"/>
</kw>
<kw name="Wait Until Element Is Visible" owner="SeleniumLibrary">
<arg>${NomReglaP}</arg>
<doc>Waits until the element ``locator`` is visible.</doc>
<status status="PASS" start="2024-12-04T13:12:26.439455" elapsed="0.042174"/>
</kw>
<kw name="Input Text" owner="SeleniumLibrary">
<msg time="2024-12-04T13:12:26.482185" level="INFO">Typing text 'Lista numero: 299' into text field 'name'.</msg>
<arg>${NomReglaP}</arg>
<arg>${NomReglaRan}</arg>
<doc>Types the given ``text`` into the text field identified by ``locator``.</doc>
<status status="PASS" start="2024-12-04T13:12:26.481868" elapsed="0.194540"/>
</kw>
<kw name="Input Text" owner="SeleniumLibrary">
<msg time="2024-12-04T13:12:26.677000" level="INFO">Typing text 'Descripción de reglas auto' into text field 'description'.</msg>
<arg>${DescReglaP}</arg>
<arg>Descripción de reglas auto</arg>
<doc>Types the given ``text`` into the text field identified by ``locator``.</doc>
<status status="PASS" start="2024-12-04T13:12:26.676678" elapsed="0.194082"/>
</kw>
<kw name="Log To Console" owner="BuiltIn">
<arg>Ingresa a nueva regla</arg>
<doc>Logs the given message to the console.</doc>
<status status="PASS" start="2024-12-04T13:12:26.871042" elapsed="0.000204"/>
</kw>
<kw name="Sleep" owner="BuiltIn">
<msg time="2024-12-04T13:12:28.871612" level="INFO">Slept 2 seconds.</msg>
<arg>2s</arg>
<doc>Pauses the test executed for the given time.</doc>
<status status="PASS" start="2024-12-04T13:12:26.871330" elapsed="2.000507"/>
</kw>
<status status="PASS" start="2024-12-04T13:12:26.437140" elapsed="2.434914"/>
</kw>
<kw name="Seleccionar opcion Todas las condiciones" owner="keywordsreglasvelo">
<kw name="Click Element" owner="SeleniumLibrary">
<msg time="2024-12-04T13:12:28.873451" level="INFO">Clicking element 'xpath=//input[@value='allConditions']'.</msg>
<arg>${TodasLasCondi}</arg>
<doc>Click the element identified by ``locator``.</doc>
<status status="PASS" start="2024-12-04T13:12:28.873033" elapsed="0.084595"/>
</kw>
<status status="PASS" start="2024-12-04T13:12:28.872469" elapsed="0.085282"/>
</kw>
<kw name="Sleep" owner="BuiltIn">
<msg time="2024-12-04T13:12:30.958228" level="INFO">Slept 2 seconds.</msg>
<arg>2s</arg>
<doc>Pauses the test executed for the given time.</doc>
<status status="PASS" start="2024-12-04T13:12:28.957880" elapsed="2.000589"/>
</kw>
<kw name="Una condicion Token de tarjeta Es igual a" owner="keywordsreglasvelo">
<kw name="Get Length" owner="BuiltIn">
<msg time="2024-12-04T13:12:30.960177" level="INFO">Length is 1.</msg>
<msg time="2024-12-04T13:12:30.960332" level="INFO">${length} = 1</msg>
<var>${length}</var>
<arg>${Tokens}</arg>
<doc>Returns and logs the length of the given item as an integer.</doc>
<status status="PASS" start="2024-12-04T13:12:30.959863" elapsed="0.000532"/>
</kw>
<kw name="Log To Console" owner="BuiltIn">
<arg>${length}</arg>
<doc>Logs the given message to the console.</doc>
<status status="PASS" start="2024-12-04T13:12:30.960641" elapsed="0.000346"/>
</kw>
<for flavor="IN RANGE">
<iter>
<kw name="Set Variable" owner="BuiltIn">
<msg time="2024-12-04T13:12:30.962375" level="INFO">${token} = 6e9df299-b083-43b1-a9a1-5ce45df7403f</msg>
<var>${token}</var>
<arg>${Tokens}[${index}]</arg>
<doc>Returns the given values which can then be assigned to a variables.</doc>
<status status="PASS" start="2024-12-04T13:12:30.961980" elapsed="0.000452"/>
</kw>
<kw name="Click Button" owner="SeleniumLibrary">
<msg time="2024-12-04T13:12:30.963023" level="INFO">Clicking button 'xpath=//button[text()='Nueva condición']'.</msg>
<arg>${NuevaCondiRPUna}</arg>
<doc>Clicks the button identified by ``locator``.</doc>
<status status="PASS" start="2024-12-04T13:12:30.962677" elapsed="0.093700"/>
</kw>
<kw name="Click Element" owner="SeleniumLibrary">
<msg time="2024-12-04T13:12:31.056797" level="INFO">Clicking element '(//div[contains(@class, 'MuiSelect-select')])[2]'.</msg>
<arg>${ListaProveedorP}</arg>
<doc>Click the element identified by ``locator``.</doc>
<status status="PASS" start="2024-12-04T13:12:31.056575" elapsed="0.057763"/>
</kw>
<kw name="Sleep" owner="BuiltIn">
<msg time="2024-12-04T13:12:33.114839" level="INFO">Slept 2 seconds.</msg>
<arg>2s</arg>
<doc>Pauses the test executed for the given time.</doc>
<status status="PASS" start="2024-12-04T13:12:31.114512" elapsed="2.000538"/>
</kw>
<kw name="Click Element" owner="SeleniumLibrary">
<msg time="2024-12-04T13:12:33.115875" level="INFO">Clicking element 'xpath=//li[contains(text(), 'TRANSACCION')]'.</msg>
<arg>${ElemenProveeTra}</arg>
<doc>Click the element identified by ``locator``.</doc>
<status status="PASS" start="2024-12-04T13:12:33.115430" elapsed="0.076223"/>
</kw>
<kw name="Sleep" owner="BuiltIn">
<msg time="2024-12-04T13:12:35.192329" level="INFO">Slept 2 seconds.</msg>
<arg>2s</arg>
<doc>Pauses the test executed for the given time.</doc>
<status status="PASS" start="2024-12-04T13:12:33.191857" elapsed="2.000701"/>
</kw>
<kw name="Click Element" owner="SeleniumLibrary">
<msg time="2024-12-04T13:12:35.193409" level="INFO">Clicking element '(//div[contains(@class, 'MuiSelect-select')])[3]'.</msg>
<arg>${ListaElemenTran}</arg>
<doc>Click the element identified by ``locator``.</doc>
<status status="PASS" start="2024-12-04T13:12:35.192921" elapsed="0.076662"/>
</kw>
<kw name="Sleep" owner="BuiltIn">
<msg time="2024-12-04T13:12:37.270130" level="INFO">Slept 2 seconds.</msg>
<arg>2s</arg>
<doc>Pauses the test executed for the given time.</doc>
<status status="PASS" start="2024-12-04T13:12:35.269755" elapsed="2.000588"/>
</kw>
<kw name="Set Variable" owner="BuiltIn">
<msg time="2024-12-04T13:12:37.272112" level="INFO">${ElementoTran} = //div[@class='MuiPaper-root MuiPaper-elevation MuiPaper-rounded MuiPaper-elevation8 MuiPopover-paper MuiMenu-paper MuiMenu-paper css-594a8l']//ul/li[contains(@class, 'MuiMenuItem-root')][4]</msg>
<var>${ElementoTran}</var>
<arg>//div[@class='MuiPaper-root MuiPaper-elevation MuiPaper-rounded MuiPaper-elevation8 MuiPopover-paper MuiMenu-paper MuiMenu-paper css-594a8l']//ul/li[contains(@class, 'MuiMenuItem-root')][${4}]</arg>
<doc>Returns the given values which can then be assigned to a variables.</doc>
<status status="PASS" start="2024-12-04T13:12:37.270741" elapsed="0.001436"/>
</kw>
<kw name="Click Element" owner="SeleniumLibrary">
<msg time="2024-12-04T13:12:37.273111" level="INFO">Clicking element '//div[@class='MuiPaper-root MuiPaper-elevation MuiPaper-rounded MuiPaper-elevation8 MuiPopover-paper MuiMenu-paper MuiMenu-paper css-594a8l']//ul/li[contains(@class, 'MuiMenuItem-root')][4]'.</msg>
<arg>${ElementoTran}</arg>
<doc>Click the element identified by ``locator``.</doc>
<status status="PASS" start="2024-12-04T13:12:37.272552" elapsed="0.098096"/>
</kw>
<kw name="Sleep" owner="BuiltIn">
<msg time="2024-12-04T13:12:39.371248" level="INFO">Slept 2 seconds.</msg>
<arg>2s</arg>
<doc>Pauses the test executed for the given time.</doc>
<status status="PASS" start="2024-12-04T13:12:37.370880" elapsed="2.000610"/>
</kw>
<kw name="Log To Console" owner="BuiltIn">
<arg>CLickear tipo de transaccion</arg>
<doc>Logs the given message to the console.</doc>
<status status="PASS" start="2024-12-04T13:12:39.371859" elapsed="0.000363"/>
</kw>
<kw name="Sleep" owner="BuiltIn">
<msg time="2024-12-04T13:12:41.372902" level="INFO">Slept 2 seconds.</msg>
<arg>2s</arg>
<doc>Pauses the test executed for the given time.</doc>
<status status="PASS" start="2024-12-04T13:12:39.372464" elapsed="2.000647"/>
</kw>
<kw name="Click Element" owner="SeleniumLibrary">
<msg time="2024-12-04T13:12:41.373948" level="INFO">Clicking element '(//div[contains(@class, 'MuiSelect-select')])[4]'.</msg>
<arg>${ListaCondi}</arg>
<doc>Click the element identified by ``locator``.</doc>
<status status="PASS" start="2024-12-04T13:12:41.373501" elapsed="0.075171"/>
</kw>
<kw name="Sleep" owner="BuiltIn">
<msg time="2024-12-04T13:12:43.449164" level="INFO">Slept 2 seconds.</msg>
<arg>2s</arg>
<doc>Pauses the test executed for the given time.</doc>
<status status="PASS" start="2024-12-04T13:12:41.448840" elapsed="2.000565"/>
</kw>
<kw name="Wait Until Element Is Enabled" owner="SeleniumLibrary">
<arg>${EsigualA}</arg>
<arg>6s</arg>
<doc>Waits until the element ``locator`` is enabled.</doc>
<status status="PASS" start="2024-12-04T13:12:43.449785" elapsed="0.035779"/>
</kw>
<kw name="Log To Console" owner="BuiltIn">
<arg>CLickear lista de condificones</arg>
<doc>Logs the given message to the console.</doc>
<status status="PASS" start="2024-12-04T13:12:43.485718" elapsed="0.000150"/>
</kw>
<kw name="Click Element" owner="SeleniumLibrary">
<msg time="2024-12-04T13:12:43.486118" level="INFO">Clicking element '//li[contains(text(), 'Es igual a')]'.</msg>
<arg>${EsigualA}</arg>
<doc>Click the element identified by ``locator``.</doc>
<status status="PASS" start="2024-12-04T13:12:43.485963" elapsed="0.065764"/>
</kw>
<kw name="Log To Console" owner="BuiltIn">
<arg>CLickear condificones</arg>
<doc>Logs the given message to the console.</doc>
<status status="PASS" start="2024-12-04T13:12:43.551919" elapsed="0.000189"/>
</kw>
<kw name="Sleep" owner="BuiltIn">
<msg time="2024-12-04T13:12:46.552660" level="INFO">Slept 3 seconds.</msg>
<arg>3s</arg>
<doc>Pauses the test executed for the given time.</doc>
<status status="PASS" start="2024-12-04T13:12:43.552328" elapsed="3.000622"/>
</kw>
<kw name="Input Text" owner="SeleniumLibrary">
<msg time="2024-12-04T13:12:46.553855" level="INFO">Typing text '6e9df299-b083-43b1-a9a1-5ce45df7403f' into text field 'valueToCompare'.</msg>
<arg>${Valoracomp}</arg>
<arg>${token}</arg>
<doc>Types the given ``text`` into the text field identified by ``locator``.</doc>
<status status="PASS" start="2024-12-04T13:12:46.553330" elapsed="0.347515"/>
</kw>
<kw name="Click Button" owner="SeleniumLibrary">
<msg time="2024-12-04T13:12:46.901501" level="INFO">Clicking button 'xpath=//button[text()='Guardar condición']'.</msg>
<arg>${ButGuardarCondi}</arg>
<doc>Clicks the button identified by ``locator``.</doc>
<status status="PASS" start="2024-12-04T13:12:46.901114" elapsed="0.089278"/>
</kw>
<kw name="Wait Until Element Is Visible" owner="SeleniumLibrary">
<arg>${NuevaCondiRPUna}</arg>
<doc>Waits until the element ``locator`` is visible.</doc>
<status status="PASS" start="2024-12-04T13:12:46.990632" elapsed="0.012982"/>
</kw>
<var name="${index}">0</var>
<status status="PASS" start="2024-12-04T13:12:30.961729" elapsed="16.041957"/>
</iter>
<var>${index}</var>
<value>0</value>
<value>${length}</value>
<status status="PASS" start="2024-12-04T13:12:30.961158" elapsed="16.042575"/>
</for>
<kw name="Click Button" owner="SeleniumLibrary">
<msg time="2024-12-04T13:12:47.004042" level="INFO">Clicking button 'xpath=//button[text()='Guardar']'.</msg>
<arg>${GuardarReglas}</arg>
<doc>Clicks the button identified by ``locator``.</doc>
<status status="PASS" start="2024-12-04T13:12:47.003862" elapsed="0.054124"/>
</kw>
<status status="PASS" start="2024-12-04T13:12:30.959265" elapsed="16.098883"/>
</kw>
<status status="PASS" start="2024-12-04T13:12:17.125820" elapsed="29.932411"/>
</kw>
<kw name="Close Browser" owner="SeleniumLibrary">
<doc>Closes the current browser.</doc>
<status status="PASS" start="2024-12-04T13:12:47.058485" elapsed="0.058033"/>
</kw>
<status status="PASS" start="2024-12-04T13:12:17.125496" elapsed="29.991194"/>
</test>
<doc>Login ClaroScore</doc>
<status status="PASS" start="2024-12-04T13:12:17.121751" elapsed="29.995133"/>
</suite>
<status status="PASS" start="2024-12-04T13:04:18.546640" elapsed="508.570638"/>
</suite>
<statistics>
<total>
<stat pass="20" fail="0" skip="0">All Tests</stat>
</total>
<tag>
</tag>
<suite>
<stat pass="20" fail="0" skip="0" id="s1" name="TodasCondiciones">TodasCondiciones</stat>
<stat pass="1" fail="0" skip="0" id="s1-s1" name="CrearApellidoMaternoT">TodasCondiciones.CrearApellidoMaternoT</stat>
<stat pass="1" fail="0" skip="0" id="s1-s2" name="CrearApellidoPaternoT">TodasCondiciones.CrearApellidoPaternoT</stat>
<stat pass="1" fail="0" skip="0" id="s1-s3" name="CrearBINT">TodasCondiciones.CrearBINT</stat>
<stat pass="1" fail="0" skip="0" id="s1-s4" name="CrearCDClienteT">TodasCondiciones.CrearCDClienteT</stat>
<stat pass="1" fail="0" skip="0" id="s1-s5" name="CrearcdEnvioT">TodasCondiciones.CrearcdEnvioT</stat>
<stat pass="1" fail="0" skip="0" id="s1-s6" name="CrearCiudadMetodoPagoT">TodasCondiciones.CrearCiudadMetodoPagoT</stat>
<stat pass="1" fail="0" skip="0" id="s1-s7" name="CrearCorreoElectronicoT">TodasCondiciones.CrearCorreoElectronicoT</stat>
<stat pass="1" fail="0" skip="0" id="s1-s8" name="CrearCPClienteT">TodasCondiciones.CrearCPClienteT</stat>
<stat pass="1" fail="0" skip="0" id="s1-s9" name="CrearCPEnvioT">TodasCondiciones.CrearCPEnvioT</stat>
<stat pass="1" fail="0" skip="0" id="s1-s10" name="CrearCpMetodoPagoT">TodasCondiciones.CrearCpMetodoPagoT</stat>
<stat pass="1" fail="0" skip="0" id="s1-s11" name="CrearDeviceFingerT">TodasCondiciones.CrearDeviceFingerT</stat>
<stat pass="1" fail="0" skip="0" id="s1-s12" name="CreareanUPCT">TodasCondiciones.CreareanUPCT</stat>
<stat pass="1" fail="0" skip="0" id="s1-s13" name="CrearIDClienT">TodasCondiciones.CrearIDClienT</stat>
<stat pass="1" fail="0" skip="0" id="s1-s14" name="CrearIPV4T">TodasCondiciones.CrearIPV4T</stat>
<stat pass="1" fail="0" skip="0" id="s1-s15" name="CrearIPV6T">TodasCondiciones.CrearIPV6T</stat>
<stat pass="1" fail="0" skip="0" id="s1-s16" name="CrearMontosTotalT">TodasCondiciones.CrearMontosTotalT</stat>
<stat pass="1" fail="0" skip="0" id="s1-s17" name="CrearNombreT">TodasCondiciones.CrearNombreT</stat>
<stat pass="1" fail="0" skip="0" id="s1-s18" name="CrearSKUT">TodasCondiciones.CrearSKUT</stat>
<stat pass="1" fail="0" skip="0" id="s1-s19" name="CrearTelefonoT">TodasCondiciones.CrearTelefonoT</stat>
<stat pass="1" fail="0" skip="0" id="s1-s20" name="CrearTokenTarjetaT">TodasCondiciones.CrearTokenTarjetaT</stat>
</suite>
</statistics>
<errors>
</errors>
</robot>
